<?xml version="1.0" encoding="UTF-8"?>
<testsuite xmlns:xsi="http://www.w3.org/2001/XMLSchema-instance" xsi:noNamespaceSchemaLocation="https://maven.apache.org/surefire/maven-surefire-plugin/xsd/surefire-test-report-3.0.xsd" version="3.0" name="dfs.s3.ms_dfs_productos.repository.EnvioRepositoryTest" time="0.539" tests="1" errors="0" skipped="0" failures="0">
  <properties>
[...]
</properties>
  <testcase name="testSaveEnvio" classname="dfs.s3.ms_dfs_productos.repository.EnvioRepositoryTest" time="0.119">
    <system-out><![CDATA[2024-10-06T23:06:58.445-03:00 DEBUG 7840 --- [ms-dfs-productos] [           main] b.t.a.o.j.DataJpaTestContextBootstrapper : Neither @ContextConfiguration nor @ContextHierarchy found for test class [EnvioRepositoryTest]: using SpringBootContextLoader
2024-10-06T23:06:58.445-03:00 DEBUG 7840 --- [ms-dfs-productos] [           main] o.s.t.c.support.AbstractContextLoader    : Could not detect default resource locations for test class [dfs.s3.ms_dfs_productos.repository.EnvioRepositoryTest]: no resource found for suffixes {-context.xml, Context.groovy}.
2024-10-06T23:06:58.446-03:00  INFO 7840 --- [ms-dfs-productos] [           main] t.c.s.AnnotationConfigContextLoaderUtils : Could not detect default configuration classes for test class [dfs.s3.ms_dfs_productos.repository.EnvioRepositoryTest]: EnvioRepositoryTest does not declare any static, non-private, non-final, nested classes annotated with @Configuration.
2024-10-06T23:06:58.446-03:00 DEBUG 7840 --- [ms-dfs-productos] [           main] b.t.a.o.j.DataJpaTestContextBootstrapper : Using ContextCustomizerFactory implementations for test class [EnvioRepositoryTest]: [ImportsContextCustomizerFactory, ExcludeFilterContextCustomizerFactory, HttpGraphQlTesterContextCustomizerFactory, DuplicateJsonObjectContextCustomizerFactory, MockitoContextCustomizerFactory, TestRestTemplateContextCustomizerFactory, WebTestClientContextCustomizerFactory, DisableReactorResourceFactoryGlobalResourcesContextCustomizerFactory, OverrideAutoConfigurationContextCustomizerFactory, ObservabilityContextCustomizerFactory, TypeExcludeFiltersContextCustomizerFactory, PropertyMappingContextCustomizerFactory, WebDriverContextCustomizerFactory, MockServerContainerContextCustomizerFactory, DynamicPropertiesContextCustomizerFactory]
2024-10-06T23:06:58.455-03:00 DEBUG 7840 --- [ms-dfs-productos] [           main] b.t.a.o.j.DataJpaTestContextBootstrapper : Using ContextCustomizers for test class [EnvioRepositoryTest]: [ImportsContextCustomizer, ExcludeFilterContextCustomizer, DuplicateJsonObjectContextCustomizer, MockitoContextCustomizer, DisableReactorResourceFactoryGlobalResourcesContextCustomizerCustomizer, DisableAutoConfigurationContextCustomizer, DisableObservabilityContextCustomizer, TypeExcludeFiltersContextCustomizer, PropertyMappingContextCustomizer, WebDriverContextCustomizer]
2024-10-06T23:06:58.460-03:00 DEBUG 7840 --- [ms-dfs-productos] [           main] ssPathScanningCandidateComponentProvider : Identified candidate component class: file [C:\Users\puffo\OneDrive\Documentos\GitHub\ms-dfs-productos\target\classes\dfs\s3\ms_dfs_productos\ProductosApplication.class]
2024-10-06T23:06:58.460-03:00  INFO 7840 --- [ms-dfs-productos] [           main] .b.t.c.SpringBootTestContextBootstrapper : Found @SpringBootConfiguration dfs.s3.ms_dfs_productos.ProductosApplication for test class dfs.s3.ms_dfs_productos.repository.EnvioRepositoryTest
2024-10-06T23:06:58.461-03:00 DEBUG 7840 --- [ms-dfs-productos] [           main] .s.t.c.u.TestContextSpringFactoriesUtils : Skipping candidate TestExecutionListener [org.springframework.test.context.observation.MicrometerObservationRegistryTestExecutionListener] due to a missing dependency. Specify custom TestExecutionListener classes or make the default TestExecutionListener classes and their required dependencies available. Offending class: io.micrometer.context.ThreadLocalAccessor. MicrometerObservationRegistryTestExecutionListener requires io.micrometer:micrometer-observation:1.10.8 or higher and io.micrometer:context-propagation:1.0.3 or higher.
2024-10-06T23:06:58.461-03:00 DEBUG 7840 --- [ms-dfs-productos] [           main] b.t.a.o.j.DataJpaTestContextBootstrapper : Using TestExecutionListeners for test class [EnvioRepositoryTest]: [ServletTestExecutionListener, DirtiesContextBeforeModesTestExecutionListener, ApplicationEventsTestExecutionListener, MockitoTestExecutionListener, DependencyInjectionTestExecutionListener, DirtiesContextTestExecutionListener, TransactionalTestExecutionListener, SqlScriptsTestExecutionListener, EventPublishingTestExecutionListener, ResetMocksTestExecutionListener, RestDocsTestExecutionListener, MockRestServiceServerResetTestExecutionListener, MockMvcPrintOnlyOnFailureTestExecutionListener, WebDriverTestExecutionListener, MockWebServiceServerTestExecutionListener]
2024-10-06T23:06:58.461-03:00 DEBUG 7840 --- [ms-dfs-productos] [           main] sContextBeforeModesTestExecutionListener : Before test class: class [EnvioRepositoryTest], class annotated with @DirtiesContext [false] with mode [null]
2024-10-06T23:06:58.462-03:00 DEBUG 7840 --- [ms-dfs-productos] [           main] DependencyInjectionTestExecutionListener : Performing dependency injection for test class dfs.s3.ms_dfs_productos.repository.EnvioRepositoryTest
2024-10-06T23:06:58.464-03:00  INFO 7840 --- [ms-dfs-productos] [           main] o.s.b.d.r.RestartApplicationListener     : Restart disabled due to context in which it is running
2024-10-06T23:06:58.481-03:00 DEBUG 7840 --- [ms-dfs-productos] [           main] o.s.boot.ApplicationEnvironment          : Activating profiles []
2024-10-06T23:06:58.483-03:00 DEBUG 7840 --- [ms-dfs-productos] [           main] o.s.c.e.PropertySourcesPropertyResolver  : Found key 'spring.application.name' in PropertySource 'configurationProperties' with value of type String

  .   ____          _            __ _ _
 /\\ / ___'_ __ _ _(_)_ __  __ _ \ \ \ \
( ( )\___ | '_ | '_| | '_ \/ _` | \ \ \ \
 \\/  ___)| |_)| | | | | || (_| |  ) ) ) )
  '  |____| .__|_| |_|_| |_\__, | / / / /
 =========|_|==============|___/=/_/_/_/

 :: Spring Boot ::                (v3.3.3)

2024-10-06T23:06:58.490-03:00  INFO 7840 --- [ms-dfs-productos] [           main] d.s.m.repository.EnvioRepositoryTest     : Starting EnvioRepositoryTest using Java 22.0.2 with PID 7840 (started by puffo in C:\Users\puffo\OneDrive\Documentos\GitHub\ms-dfs-productos)
2024-10-06T23:06:58.490-03:00  INFO 7840 --- [ms-dfs-productos] [           main] d.s.m.repository.EnvioRepositoryTest     : No active profile set, falling back to 1 default profile: "default"
2024-10-06T23:06:58.490-03:00 DEBUG 7840 --- [ms-dfs-productos] [           main] o.s.boot.SpringApplication               : Loading source class dfs.s3.ms_dfs_productos.ProductosApplication
2024-10-06T23:06:58.492-03:00 DEBUG 7840 --- [ms-dfs-productos] [           main] s.c.a.AnnotationConfigApplicationContext : Refreshing org.springframework.context.annotation.AnnotationConfigApplicationContext@78a3a272
2024-10-06T23:06:58.493-03:00 DEBUG 7840 --- [ms-dfs-productos] [           main] o.s.b.f.s.DefaultListableBeanFactory     : Creating shared instance of singleton bean 'org.springframework.context.annotation.internalConfigurationAnnotationProcessor'
2024-10-06T23:06:58.493-03:00 DEBUG 7840 --- [ms-dfs-productos] [           main] o.s.b.f.s.DefaultListableBeanFactory     : Creating shared instance of singleton bean 'org.springframework.boot.autoconfigure.internalCachingMetadataReaderFactory'
2024-10-06T23:06:58.554-03:00  INFO 7840 --- [ms-dfs-productos] [           main] .s.d.r.c.RepositoryConfigurationDelegate : Bootstrapping Spring Data JPA repositories in DEFAULT mode.
2024-10-06T23:06:58.554-03:00 DEBUG 7840 --- [ms-dfs-productos] [           main] o.s.b.f.s.DefaultListableBeanFactory     : Creating shared instance of singleton bean 'org.springframework.boot.autoconfigure.AutoConfigurationPackages'
2024-10-06T23:06:58.554-03:00 DEBUG 7840 --- [ms-dfs-productos] [           main] o.s.b.a.AutoConfigurationPackages        : @EnableAutoConfiguration was declared on a class in the package 'dfs.s3.ms_dfs_productos'. Automatic @Repository and @Entity scanning is enabled.
2024-10-06T23:06:58.554-03:00 DEBUG 7840 --- [ms-dfs-productos] [           main] .s.d.r.c.RepositoryConfigurationDelegate : Scanning for JPA repositories in packages dfs.s3.ms_dfs_productos.
2024-10-06T23:06:58.557-03:00 DEBUG 7840 --- [ms-dfs-productos] [           main] o.s.d.r.c.RepositoryComponentProvider    : Identified candidate component class: file [C:\Users\puffo\OneDrive\Documentos\GitHub\ms-dfs-productos\target\classes\dfs\s3\ms_dfs_productos\repository\EnvioRepository.class]
2024-10-06T23:06:58.560-03:00 DEBUG 7840 --- [ms-dfs-productos] [           main] ssPathScanningCandidateComponentProvider : Identified candidate component class: file [C:\Users\puffo\OneDrive\Documentos\GitHub\ms-dfs-productos\target\classes\dfs\s3\ms_dfs_productos\service\EnvioServiceImpl.class]
2024-10-06T23:06:58.561-03:00  INFO 7840 --- [ms-dfs-productos] [           main] .s.d.r.c.RepositoryConfigurationDelegate : Finished Spring Data repository scanning in 7 ms. Found 1 JPA repository interface.
2024-10-06T23:06:58.570-03:00 DEBUG 7840 --- [ms-dfs-productos] [           main] o.s.b.f.s.DefaultListableBeanFactory     : Creating shared instance of singleton bean 'org.springframework.boot.test.context.ImportsContextCustomizer$ImportsCleanupPostProcessor'
2024-10-06T23:06:58.570-03:00 DEBUG 7840 --- [ms-dfs-productos] [           main] o.s.b.f.s.DefaultListableBeanFactory     : Creating shared instance of singleton bean 'org.springframework.boot.test.mock.mockito.MockitoPostProcessor'
2024-10-06T23:06:58.571-03:00 DEBUG 7840 --- [ms-dfs-productos] [           main] o.s.b.f.s.DefaultListableBeanFactory     : Creating shared instance of singleton bean 'emBeanDefinitionRegistrarPostProcessor'
2024-10-06T23:06:58.571-03:00 DEBUG 7840 --- [ms-dfs-productos] [           main] o.s.b.f.s.DefaultListableBeanFactory     : Creating shared instance of singleton bean 'org.springframework.boot.sql.init.dependency.DatabaseInitializationDependencyConfigurer$DependsOnDatabaseInitializationPostProcessor'
2024-10-06T23:06:58.572-03:00 DEBUG 7840 --- [ms-dfs-productos] [           main] o.s.b.f.s.DefaultListableBeanFactory     : Creating shared instance of singleton bean 'org.springframework.context.event.internalEventListenerProcessor'
2024-10-06T23:06:58.573-03:00 DEBUG 7840 --- [ms-dfs-productos] [           main] o.s.b.f.s.DefaultListableBeanFactory     : Creating shared instance of singleton bean 'org.springframework.context.event.internalEventListenerFactory'
2024-10-06T23:06:58.573-03:00 DEBUG 7840 --- [ms-dfs-productos] [           main] o.s.b.f.s.DefaultListableBeanFactory     : Creating shared instance of singleton bean 'org.springframework.transaction.config.internalTransactionalEventListenerFactory'
2024-10-06T23:06:58.573-03:00 DEBUG 7840 --- [ms-dfs-productos] [           main] o.s.b.f.s.DefaultListableBeanFactory     : Creating shared instance of singleton bean 'org.springframework.context.annotation.internalAutowiredAnnotationProcessor'
2024-10-06T23:06:58.573-03:00 DEBUG 7840 --- [ms-dfs-productos] [           main] o.s.b.f.s.DefaultListableBeanFactory     : Creating shared instance of singleton bean 'org.springframework.context.annotation.internalCommonAnnotationProcessor'
2024-10-06T23:06:58.574-03:00 DEBUG 7840 --- [ms-dfs-productos] [           main] o.s.b.f.s.DefaultListableBeanFactory     : Creating shared instance of singleton bean 'org.springframework.context.annotation.internalPersistenceAnnotationProcessor'
2024-10-06T23:06:58.574-03:00 DEBUG 7840 --- [ms-dfs-productos] [           main] o.s.b.f.s.DefaultListableBeanFactory     : Creating shared instance of singleton bean 'org.springframework.boot.test.mock.mockito.MockitoPostProcessor$SpyPostProcessor'
2024-10-06T23:06:58.574-03:00 DEBUG 7840 --- [ms-dfs-productos] [           main] o.s.b.f.s.DefaultListableBeanFactory     : Creating shared instance of singleton bean 'jdbcConnectionDetailsHikariBeanPostProcessor'
2024-10-06T23:06:58.574-03:00 DEBUG 7840 --- [ms-dfs-productos] [           main] o.s.b.f.s.DefaultListableBeanFactory     : Creating shared instance of singleton bean 'org.springframework.boot.context.properties.ConfigurationPropertiesBindingPostProcessor'
2024-10-06T23:06:58.574-03:00 DEBUG 7840 --- [ms-dfs-productos] [           main] o.s.b.f.s.DefaultListableBeanFactory     : Creating shared instance of singleton bean 'org.springframework.boot.context.internalConfigurationPropertiesBinder'
2024-10-06T23:06:58.574-03:00 DEBUG 7840 --- [ms-dfs-productos] [           main] o.s.b.f.s.DefaultListableBeanFactory     : Creating shared instance of singleton bean 'org.springframework.aop.config.internalAutoProxyCreator'
2024-10-06T23:06:58.576-03:00 DEBUG 7840 --- [ms-dfs-productos] [           main] o.s.b.f.s.DefaultListableBeanFactory     : Creating shared instance of singleton bean 'dataSourceScriptDatabaseInitializer'
2024-10-06T23:06:58.578-03:00 DEBUG 7840 --- [ms-dfs-productos] [           main] o.s.b.f.s.DefaultListableBeanFactory     : Creating shared instance of singleton bean 'org.springframework.boot.autoconfigure.sql.init.DataSourceInitializationConfiguration'
2024-10-06T23:06:58.578-03:00 DEBUG 7840 --- [ms-dfs-productos] [           main] o.s.b.f.s.DefaultListableBeanFactory     : Creating shared instance of singleton bean 'org.springframework.transaction.config.internalTransactionAdvisor'
2024-10-06T23:06:58.578-03:00 DEBUG 7840 --- [ms-dfs-productos] [           main] o.s.b.f.s.DefaultListableBeanFactory     : Creating shared instance of singleton bean 'org.springframework.transaction.annotation.ProxyTransactionManagementConfiguration'
2024-10-06T23:06:58.580-03:00 DEBUG 7840 --- [ms-dfs-productos] [           main] o.s.b.f.s.DefaultListableBeanFactory     : Creating shared instance of singleton bean 'transactionAttributeSource'
2024-10-06T23:06:58.580-03:00 DEBUG 7840 --- [ms-dfs-productos] [           main] o.s.b.f.s.DefaultListableBeanFactory     : Creating shared instance of singleton bean 'transactionInterceptor'
2024-10-06T23:06:58.581-03:00 DEBUG 7840 --- [ms-dfs-productos] [           main] o.s.b.f.s.DefaultListableBeanFactory     : Autowiring by type from bean name 'transactionInterceptor' via factory method to bean named 'transactionAttributeSource'
2024-10-06T23:06:58.581-03:00 DEBUG 7840 --- [ms-dfs-productos] [           main] o.s.b.f.s.DefaultListableBeanFactory     : Autowiring by type from bean name 'org.springframework.transaction.config.internalTransactionAdvisor' via factory method to bean named 'transactionAttributeSource'
2024-10-06T23:06:58.581-03:00 DEBUG 7840 --- [ms-dfs-productos] [           main] o.s.b.f.s.DefaultListableBeanFactory     : Autowiring by type from bean name 'org.springframework.transaction.config.internalTransactionAdvisor' via factory method to bean named 'transactionInterceptor'
2024-10-06T23:06:58.581-03:00 DEBUG 7840 --- [ms-dfs-productos] [           main] o.s.b.f.s.DefaultListableBeanFactory     : Creating shared instance of singleton bean 'dataSource'
2024-10-06T23:06:58.581-03:00 DEBUG 7840 --- [ms-dfs-productos] [           main] o.s.b.f.s.DefaultListableBeanFactory     : Creating shared instance of singleton bean 'org.springframework.boot.autoconfigure.jdbc.DataSourceConfiguration$Hikari'
2024-10-06T23:06:58.582-03:00 DEBUG 7840 --- [ms-dfs-productos] [           main] o.s.b.f.s.DefaultListableBeanFactory     : Creating shared instance of singleton bean 'spring.datasource-org.springframework.boot.autoconfigure.jdbc.DataSourceProperties'
2024-10-06T23:06:58.582-03:00 DEBUG 7840 --- [ms-dfs-productos] [           main] o.s.b.f.s.DefaultListableBeanFactory     : Creating shared instance of singleton bean 'org.springframework.boot.context.properties.BoundConfigurationProperties'
2024-10-06T23:06:58.586-03:00 DEBUG 7840 --- [ms-dfs-productos] [           main] o.s.b.f.s.DefaultListableBeanFactory     : Creating shared instance of singleton bean 'jdbcConnectionDetails'
2024-10-06T23:06:58.586-03:00 DEBUG 7840 --- [ms-dfs-productos] [           main] o.s.b.f.s.DefaultListableBeanFactory     : Creating shared instance of singleton bean 'org.springframework.boot.autoconfigure.jdbc.DataSourceAutoConfiguration$PooledDataSourceConfiguration'
2024-10-06T23:06:58.586-03:00 DEBUG 7840 --- [ms-dfs-productos] [           main] o.s.b.f.s.DefaultListableBeanFactory     : Autowiring by type from bean name 'jdbcConnectionDetails' via factory method to bean named 'spring.datasource-org.springframework.boot.autoconfigure.jdbc.DataSourceProperties'
2024-10-06T23:06:58.586-03:00 DEBUG 7840 --- [ms-dfs-productos] [           main] o.s.b.f.s.DefaultListableBeanFactory     : Autowiring by type from bean name 'dataSource' via factory method to bean named 'spring.datasource-org.springframework.boot.autoconfigure.jdbc.DataSourceProperties'
2024-10-06T23:06:58.586-03:00 DEBUG 7840 --- [ms-dfs-productos] [           main] o.s.b.f.s.DefaultListableBeanFactory     : Autowiring by type from bean name 'dataSource' via factory method to bean named 'jdbcConnectionDetails'
2024-10-06T23:06:58.590-03:00 DEBUG 7840 --- [ms-dfs-productos] [           main] o.s.b.f.s.DefaultListableBeanFactory     : Creating shared instance of singleton bean 'spring.sql.init-org.springframework.boot.autoconfigure.sql.init.SqlInitializationProperties'
2024-10-06T23:06:58.591-03:00 DEBUG 7840 --- [ms-dfs-productos] [           main] o.s.b.f.s.DefaultListableBeanFactory     : Autowiring by type from bean name 'dataSourceScriptDatabaseInitializer' via factory method to bean named 'dataSource'
2024-10-06T23:06:58.591-03:00 DEBUG 7840 --- [ms-dfs-productos] [           main] o.s.b.f.s.DefaultListableBeanFactory     : Autowiring by type from bean name 'dataSourceScriptDatabaseInitializer' via factory method to bean named 'spring.sql.init-org.springframework.boot.autoconfigure.sql.init.SqlInitializationProperties'
2024-10-06T23:06:58.592-03:00 DEBUG 7840 --- [ms-dfs-productos] [           main] o.s.b.f.s.DefaultListableBeanFactory     : Creating shared instance of singleton bean 'entityManagerFactory'
2024-10-06T23:06:58.592-03:00 DEBUG 7840 --- [ms-dfs-productos] [           main] o.s.b.f.s.DefaultListableBeanFactory     : Creating shared instance of singleton bean 'org.springframework.boot.autoconfigure.orm.jpa.HibernateJpaConfiguration'
2024-10-06T23:06:58.592-03:00 DEBUG 7840 --- [ms-dfs-productos] [           main] o.s.b.f.s.DefaultListableBeanFactory     : Creating shared instance of singleton bean 'spring.jpa-org.springframework.boot.autoconfigure.orm.jpa.JpaProperties'
2024-10-06T23:06:58.594-03:00 DEBUG 7840 --- [ms-dfs-productos] [           main] o.s.b.f.s.DefaultListableBeanFactory     : Creating shared instance of singleton bean 'spring.jpa.hibernate-org.springframework.boot.autoconfigure.orm.jpa.HibernateProperties'
2024-10-06T23:06:58.594-03:00 DEBUG 7840 --- [ms-dfs-productos] [           main] o.s.b.f.s.DefaultListableBeanFactory     : Autowiring by type from bean name 'org.springframework.boot.autoconfigure.orm.jpa.HibernateJpaConfiguration' via constructor to bean named 'dataSource'
2024-10-06T23:06:58.594-03:00 DEBUG 7840 --- [ms-dfs-productos] [           main] o.s.b.f.s.DefaultListableBeanFactory     : Autowiring by type from bean name 'org.springframework.boot.autoconfigure.orm.jpa.HibernateJpaConfiguration' via constructor to bean named 'spring.jpa-org.springframework.boot.autoconfigure.orm.jpa.JpaProperties'
2024-10-06T23:06:58.594-03:00 DEBUG 7840 --- [ms-dfs-productos] [           main] o.s.b.f.s.DefaultListableBeanFactory     : Autowiring by type from bean name 'org.springframework.boot.autoconfigure.orm.jpa.HibernateJpaConfiguration' via constructor to bean named 'org.springframework.beans.factory.support.DefaultListableBeanFactory@83ec0b0'
2024-10-06T23:06:58.594-03:00 DEBUG 7840 --- [ms-dfs-productos] [           main] o.s.b.f.s.DefaultListableBeanFactory     : Autowiring by type from bean name 'org.springframework.boot.autoconfigure.orm.jpa.HibernateJpaConfiguration' via constructor to bean named 'spring.jpa.hibernate-org.springframework.boot.autoconfigure.orm.jpa.HibernateProperties'
2024-10-06T23:06:58.595-03:00 DEBUG 7840 --- [ms-dfs-productos] [           main] o.s.b.f.s.DefaultListableBeanFactory     : Creating shared instance of singleton bean 'oracleUcpPoolDataSourceMetadataProvider'
2024-10-06T23:06:58.595-03:00 DEBUG 7840 --- [ms-dfs-productos] [           main] o.s.b.f.s.DefaultListableBeanFactory     : Creating shared instance of singleton bean 'org.springframework.boot.autoconfigure.jdbc.metadata.DataSourcePoolMetadataProvidersConfiguration$OracleUcpPoolDataSourceMetadataProviderConfiguration'
2024-10-06T23:06:58.595-03:00 DEBUG 7840 --- [ms-dfs-productos] [           main] o.s.b.f.s.DefaultListableBeanFactory     : Creating shared instance of singleton bean 'hikariPoolDataSourceMetadataProvider'
2024-10-06T23:06:58.595-03:00 DEBUG 7840 --- [ms-dfs-productos] [           main] o.s.b.f.s.DefaultListableBeanFactory     : Creating shared instance of singleton bean 'org.springframework.boot.autoconfigure.jdbc.metadata.DataSourcePoolMetadataProvidersConfiguration$HikariPoolDataSourceMetadataProviderConfiguration'
2024-10-06T23:06:58.596-03:00 DEBUG 7840 --- [ms-dfs-productos] [           main] o.s.b.f.s.DefaultListableBeanFactory     : Creating shared instance of singleton bean 'entityManagerFactoryBuilder'
2024-10-06T23:06:58.596-03:00 DEBUG 7840 --- [ms-dfs-productos] [           main] o.s.b.f.s.DefaultListableBeanFactory     : Creating shared instance of singleton bean 'jpaVendorAdapter'
2024-10-06T23:06:58.596-03:00 DEBUG 7840 --- [ms-dfs-productos] [           main] o.s.b.f.s.DefaultListableBeanFactory     : Autowiring by type from bean name 'entityManagerFactoryBuilder' via factory method to bean named 'jpaVendorAdapter'
2024-10-06T23:06:58.597-03:00 DEBUG 7840 --- [ms-dfs-productos] [           main] o.s.b.f.s.DefaultListableBeanFactory     : Creating shared instance of singleton bean 'persistenceManagedTypes'
2024-10-06T23:06:58.597-03:00 DEBUG 7840 --- [ms-dfs-productos] [           main] o.s.b.f.s.DefaultListableBeanFactory     : Autowiring by type from bean name 'persistenceManagedTypes' via factory method to bean named 'org.springframework.beans.factory.support.DefaultListableBeanFactory@83ec0b0'
2024-10-06T23:06:58.597-03:00 DEBUG 7840 --- [ms-dfs-productos] [           main] o.s.b.f.s.DefaultListableBeanFactory     : Autowiring by type from bean name 'persistenceManagedTypes' via factory method to bean named 'org.springframework.context.annotation.AnnotationConfigApplicationContext@78a3a272'
2024-10-06T23:06:58.599-03:00 DEBUG 7840 --- [ms-dfs-productos] [           main] o.s.b.f.s.DefaultListableBeanFactory     : Autowiring by type from bean name 'entityManagerFactory' via factory method to bean named 'entityManagerFactoryBuilder'
2024-10-06T23:06:58.599-03:00 DEBUG 7840 --- [ms-dfs-productos] [           main] o.s.b.f.s.DefaultListableBeanFactory     : Autowiring by type from bean name 'entityManagerFactory' via factory method to bean named 'persistenceManagedTypes'
2024-10-06T23:06:58.599-03:00 DEBUG 7840 --- [ms-dfs-productos] [           main] j.LocalContainerEntityManagerFactoryBean : Building JPA container EntityManagerFactory for persistence unit 'default'
2024-10-06T23:06:58.599-03:00 DEBUG 7840 --- [ms-dfs-productos] [           main] o.hibernate.jpa.internal.util.LogHelper  : PersistenceUnitInfo [
	name: default
	persistence provider classname: null
	classloader: jdk.internal.loader.ClassLoaders$AppClassLoader@70dea4e
	excludeUnlistedClasses: true
	JTA datasource: null
	Non JTA datasource: HikariDataSource (null)
	Transaction type: RESOURCE_LOCAL
	PU root URL: file:/C:/Users/puffo/OneDrive/Documentos/GitHub/ms-dfs-productos/target/test-classes/
	Shared Cache Mode: UNSPECIFIED
	Validation Mode: AUTO
	Jar files URLs []
	Managed classes names [
		dfs.s3.ms_dfs_productos.model.Envio]
	Mapping files names []
	Properties []
2024-10-06T23:06:58.599-03:00 DEBUG 7840 --- [ms-dfs-productos] [           main] o.h.i.internal.IntegratorServiceImpl     : Adding Integrator [org.hibernate.boot.beanvalidation.BeanValidationIntegrator].
2024-10-06T23:06:58.599-03:00 DEBUG 7840 --- [ms-dfs-productos] [           main] o.h.i.internal.IntegratorServiceImpl     : Adding Integrator [org.hibernate.cache.internal.CollectionCacheInvalidator].
2024-10-06T23:06:58.601-03:00 DEBUG 7840 --- [ms-dfs-productos] [           main] org.hibernate.orm.idgen.factory          : Registering IdentifierGenerator strategy [uuid2] -> [org.hibernate.id.UUIDGenerator]
2024-10-06T23:06:58.601-03:00 DEBUG 7840 --- [ms-dfs-productos] [           main] org.hibernate.orm.idgen.factory          : Registering IdentifierGenerator strategy [guid] -> [org.hibernate.id.GUIDGenerator]
2024-10-06T23:06:58.601-03:00 DEBUG 7840 --- [ms-dfs-productos] [           main] org.hibernate.orm.idgen.factory          : Registering IdentifierGenerator strategy [uuid] -> [org.hibernate.id.UUIDHexGenerator]
2024-10-06T23:06:58.601-03:00 DEBUG 7840 --- [ms-dfs-productos] [           main] org.hibernate.orm.idgen.factory          : Registering IdentifierGenerator strategy [uuid.hex] -> [org.hibernate.id.UUIDHexGenerator]
2024-10-06T23:06:58.601-03:00 DEBUG 7840 --- [ms-dfs-productos] [           main] org.hibernate.orm.idgen.factory          : Registering IdentifierGenerator strategy [assigned] -> [org.hibernate.id.Assigned]
2024-10-06T23:06:58.601-03:00 DEBUG 7840 --- [ms-dfs-productos] [           main] org.hibernate.orm.idgen.factory          : Registering IdentifierGenerator strategy [identity] -> [org.hibernate.id.IdentityGenerator]
2024-10-06T23:06:58.601-03:00 DEBUG 7840 --- [ms-dfs-productos] [           main] org.hibernate.orm.idgen.factory          : Registering IdentifierGenerator strategy [select] -> [org.hibernate.id.SelectGenerator]
2024-10-06T23:06:58.601-03:00 DEBUG 7840 --- [ms-dfs-productos] [           main] org.hibernate.orm.idgen.factory          : Registering IdentifierGenerator strategy [sequence] -> [org.hibernate.id.enhanced.SequenceStyleGenerator]
2024-10-06T23:06:58.601-03:00 DEBUG 7840 --- [ms-dfs-productos] [           main] org.hibernate.orm.idgen.factory          : Registering IdentifierGenerator strategy [increment] -> [org.hibernate.id.IncrementGenerator]
2024-10-06T23:06:58.601-03:00 DEBUG 7840 --- [ms-dfs-productos] [           main] org.hibernate.orm.idgen.factory          : Registering IdentifierGenerator strategy [foreign] -> [org.hibernate.id.ForeignGenerator]
2024-10-06T23:06:58.601-03:00 DEBUG 7840 --- [ms-dfs-productos] [           main] org.hibernate.orm.idgen.factory          : Registering IdentifierGenerator strategy [enhanced-sequence] -> [org.hibernate.id.enhanced.SequenceStyleGenerator]
2024-10-06T23:06:58.601-03:00 DEBUG 7840 --- [ms-dfs-productos] [           main] org.hibernate.orm.idgen.factory          : Registering IdentifierGenerator strategy [enhanced-table] -> [org.hibernate.id.enhanced.TableGenerator]
2024-10-06T23:06:58.601-03:00 DEBUG 7840 --- [ms-dfs-productos] [           main] o.h.c.internal.RegionFactoryInitiator    : Cannot default RegionFactory based on registered strategies as `[]` RegionFactory strategies were registered
2024-10-06T23:06:58.601-03:00  INFO 7840 --- [ms-dfs-productos] [           main] o.h.c.internal.RegionFactoryInitiator    : HHH000026: Second-level cache disabled
2024-10-06T23:06:58.601-03:00 DEBUG 7840 --- [ms-dfs-productos] [           main] org.hibernate.type.BasicTypeRegistry     : Adding type registration boolean -> org.hibernate.type.BasicTypeReference@7bdf8c92
2024-10-06T23:06:58.601-03:00 DEBUG 7840 --- [ms-dfs-productos] [           main] org.hibernate.type.BasicTypeRegistry     : Adding type registration boolean -> org.hibernate.type.BasicTypeReference@7bdf8c92
2024-10-06T23:06:58.601-03:00 DEBUG 7840 --- [ms-dfs-productos] [           main] org.hibernate.type.BasicTypeRegistry     : Adding type registration java.lang.Boolean -> org.hibernate.type.BasicTypeReference@7bdf8c92
2024-10-06T23:06:58.601-03:00 DEBUG 7840 --- [ms-dfs-productos] [           main] org.hibernate.type.BasicTypeRegistry     : Adding type registration numeric_boolean -> org.hibernate.type.BasicTypeReference@7c0b792e
2024-10-06T23:06:58.601-03:00 DEBUG 7840 --- [ms-dfs-productos] [           main] org.hibernate.type.BasicTypeRegistry     : Adding type registration org.hibernate.type.NumericBooleanConverter -> org.hibernate.type.BasicTypeReference@7c0b792e
2024-10-06T23:06:58.601-03:00 DEBUG 7840 --- [ms-dfs-productos] [           main] org.hibernate.type.BasicTypeRegistry     : Adding type registration true_false -> org.hibernate.type.BasicTypeReference@2210af14
2024-10-06T23:06:58.601-03:00 DEBUG 7840 --- [ms-dfs-productos] [           main] org.hibernate.type.BasicTypeRegistry     : Adding type registration org.hibernate.type.TrueFalseConverter -> org.hibernate.type.BasicTypeReference@2210af14
2024-10-06T23:06:58.601-03:00 DEBUG 7840 --- [ms-dfs-productos] [           main] org.hibernate.type.BasicTypeRegistry     : Adding type registration yes_no -> org.hibernate.type.BasicTypeReference@136a4800
2024-10-06T23:06:58.601-03:00 DEBUG 7840 --- [ms-dfs-productos] [           main] org.hibernate.type.BasicTypeRegistry     : Adding type registration org.hibernate.type.YesNoConverter -> org.hibernate.type.BasicTypeReference@136a4800
2024-10-06T23:06:58.601-03:00 DEBUG 7840 --- [ms-dfs-productos] [           main] org.hibernate.type.BasicTypeRegistry     : Adding type registration byte -> org.hibernate.type.BasicTypeReference@14d6ede3
2024-10-06T23:06:58.601-03:00 DEBUG 7840 --- [ms-dfs-productos] [           main] org.hibernate.type.BasicTypeRegistry     : Adding type registration byte -> org.hibernate.type.BasicTypeReference@14d6ede3
2024-10-06T23:06:58.601-03:00 DEBUG 7840 --- [ms-dfs-productos] [           main] org.hibernate.type.BasicTypeRegistry     : Adding type registration java.lang.Byte -> org.hibernate.type.BasicTypeReference@14d6ede3
2024-10-06T23:06:58.601-03:00 DEBUG 7840 --- [ms-dfs-productos] [           main] org.hibernate.type.BasicTypeRegistry     : Adding type registration binary -> org.hibernate.type.BasicTypeReference@3333245e
2024-10-06T23:06:58.601-03:00 DEBUG 7840 --- [ms-dfs-productos] [           main] org.hibernate.type.BasicTypeRegistry     : Adding type registration byte[] -> org.hibernate.type.BasicTypeReference@3333245e
2024-10-06T23:06:58.601-03:00 DEBUG 7840 --- [ms-dfs-productos] [           main] org.hibernate.type.BasicTypeRegistry     : Adding type registration [B -> org.hibernate.type.BasicTypeReference@3333245e
2024-10-06T23:06:58.601-03:00 DEBUG 7840 --- [ms-dfs-productos] [           main] org.hibernate.type.BasicTypeRegistry     : Adding type registration binary_wrapper -> org.hibernate.type.BasicTypeReference@147c4523
2024-10-06T23:06:58.601-03:00 DEBUG 7840 --- [ms-dfs-productos] [           main] org.hibernate.type.BasicTypeRegistry     : Adding type registration wrapper-binary -> org.hibernate.type.BasicTypeReference@147c4523
2024-10-06T23:06:58.601-03:00 DEBUG 7840 --- [ms-dfs-productos] [           main] org.hibernate.type.BasicTypeRegistry     : Adding type registration image -> org.hibernate.type.BasicTypeReference@551725e4
2024-10-06T23:06:58.601-03:00 DEBUG 7840 --- [ms-dfs-productos] [           main] org.hibernate.type.BasicTypeRegistry     : Adding type registration blob -> org.hibernate.type.BasicTypeReference@760d6350
2024-10-06T23:06:58.601-03:00 DEBUG 7840 --- [ms-dfs-productos] [           main] org.hibernate.type.BasicTypeRegistry     : Adding type registration java.sql.Blob -> org.hibernate.type.BasicTypeReference@760d6350
2024-10-06T23:06:58.601-03:00 DEBUG 7840 --- [ms-dfs-productos] [           main] org.hibernate.type.BasicTypeRegistry     : Adding type registration materialized_blob -> org.hibernate.type.BasicTypeReference@5cb6b81b
2024-10-06T23:06:58.601-03:00 DEBUG 7840 --- [ms-dfs-productos] [           main] org.hibernate.type.BasicTypeRegistry     : Adding type registration materialized_blob_wrapper -> org.hibernate.type.BasicTypeReference@2a15bbf3
2024-10-06T23:06:58.601-03:00 DEBUG 7840 --- [ms-dfs-productos] [           main] org.hibernate.type.BasicTypeRegistry     : Adding type registration short -> org.hibernate.type.BasicTypeReference@46c19350
2024-10-06T23:06:58.601-03:00 DEBUG 7840 --- [ms-dfs-productos] [           main] org.hibernate.type.BasicTypeRegistry     : Adding type registration short -> org.hibernate.type.BasicTypeReference@46c19350
2024-10-06T23:06:58.601-03:00 DEBUG 7840 --- [ms-dfs-productos] [           main] org.hibernate.type.BasicTypeRegistry     : Adding type registration java.lang.Short -> org.hibernate.type.BasicTypeReference@46c19350
2024-10-06T23:06:58.601-03:00 DEBUG 7840 --- [ms-dfs-productos] [           main] org.hibernate.type.BasicTypeRegistry     : Adding type registration integer -> org.hibernate.type.BasicTypeReference@5b4b6f3b
2024-10-06T23:06:58.601-03:00 DEBUG 7840 --- [ms-dfs-productos] [           main] org.hibernate.type.BasicTypeRegistry     : Adding type registration int -> org.hibernate.type.BasicTypeReference@5b4b6f3b
2024-10-06T23:06:58.601-03:00 DEBUG 7840 --- [ms-dfs-productos] [           main] org.hibernate.type.BasicTypeRegistry     : Adding type registration java.lang.Integer -> org.hibernate.type.BasicTypeReference@5b4b6f3b
2024-10-06T23:06:58.601-03:00 DEBUG 7840 --- [ms-dfs-productos] [           main] org.hibernate.type.BasicTypeRegistry     : Adding type registration long -> org.hibernate.type.BasicTypeReference@32d46229
2024-10-06T23:06:58.601-03:00 DEBUG 7840 --- [ms-dfs-productos] [           main] org.hibernate.type.BasicTypeRegistry     : Adding type registration long -> org.hibernate.type.BasicTypeReference@32d46229
2024-10-06T23:06:58.601-03:00 DEBUG 7840 --- [ms-dfs-productos] [           main] org.hibernate.type.BasicTypeRegistry     : Adding type registration java.lang.Long -> org.hibernate.type.BasicTypeReference@32d46229
2024-10-06T23:06:58.601-03:00 DEBUG 7840 --- [ms-dfs-productos] [           main] org.hibernate.type.BasicTypeRegistry     : Adding type registration float -> org.hibernate.type.BasicTypeReference@35198da3
2024-10-06T23:06:58.602-03:00 DEBUG 7840 --- [ms-dfs-productos] [           main] org.hibernate.type.BasicTypeRegistry     : Adding type registration float -> org.hibernate.type.BasicTypeReference@35198da3
2024-10-06T23:06:58.602-03:00 DEBUG 7840 --- [ms-dfs-productos] [           main] org.hibernate.type.BasicTypeRegistry     : Adding type registration java.lang.Float -> org.hibernate.type.BasicTypeReference@35198da3
2024-10-06T23:06:58.602-03:00 DEBUG 7840 --- [ms-dfs-productos] [           main] org.hibernate.type.BasicTypeRegistry     : Adding type registration double -> org.hibernate.type.BasicTypeReference@7f08c343
2024-10-06T23:06:58.602-03:00 DEBUG 7840 --- [ms-dfs-productos] [           main] org.hibernate.type.BasicTypeRegistry     : Adding type registration double -> org.hibernate.type.BasicTypeReference@7f08c343
2024-10-06T23:06:58.602-03:00 DEBUG 7840 --- [ms-dfs-productos] [           main] org.hibernate.type.BasicTypeRegistry     : Adding type registration java.lang.Double -> org.hibernate.type.BasicTypeReference@7f08c343
2024-10-06T23:06:58.602-03:00 DEBUG 7840 --- [ms-dfs-productos] [           main] org.hibernate.type.BasicTypeRegistry     : Adding type registration big_integer -> org.hibernate.type.BasicTypeReference@7fba492e
2024-10-06T23:06:58.602-03:00 DEBUG 7840 --- [ms-dfs-productos] [           main] org.hibernate.type.BasicTypeRegistry     : Adding type registration java.math.BigInteger -> org.hibernate.type.BasicTypeReference@7fba492e
2024-10-06T23:06:58.602-03:00 DEBUG 7840 --- [ms-dfs-productos] [           main] org.hibernate.type.BasicTypeRegistry     : Adding type registration big_decimal -> org.hibernate.type.BasicTypeReference@6eeeb9da
2024-10-06T23:06:58.602-03:00 DEBUG 7840 --- [ms-dfs-productos] [           main] org.hibernate.type.BasicTypeRegistry     : Adding type registration java.math.BigDecimal -> org.hibernate.type.BasicTypeReference@6eeeb9da
2024-10-06T23:06:58.602-03:00 DEBUG 7840 --- [ms-dfs-productos] [           main] org.hibernate.type.BasicTypeRegistry     : Adding type registration character -> org.hibernate.type.BasicTypeReference@17635531
2024-10-06T23:06:58.602-03:00 DEBUG 7840 --- [ms-dfs-productos] [           main] org.hibernate.type.BasicTypeRegistry     : Adding type registration char -> org.hibernate.type.BasicTypeReference@17635531
2024-10-06T23:06:58.602-03:00 DEBUG 7840 --- [ms-dfs-productos] [           main] org.hibernate.type.BasicTypeRegistry     : Adding type registration java.lang.Character -> org.hibernate.type.BasicTypeReference@17635531
2024-10-06T23:06:58.602-03:00 DEBUG 7840 --- [ms-dfs-productos] [           main] org.hibernate.type.BasicTypeRegistry     : Adding type registration character_nchar -> org.hibernate.type.BasicTypeReference@2e488e45
2024-10-06T23:06:58.602-03:00 DEBUG 7840 --- [ms-dfs-productos] [           main] org.hibernate.type.BasicTypeRegistry     : Adding type registration string -> org.hibernate.type.BasicTypeReference@396519b
2024-10-06T23:06:58.602-03:00 DEBUG 7840 --- [ms-dfs-productos] [           main] org.hibernate.type.BasicTypeRegistry     : Adding type registration java.lang.String -> org.hibernate.type.BasicTypeReference@396519b
2024-10-06T23:06:58.602-03:00 DEBUG 7840 --- [ms-dfs-productos] [           main] org.hibernate.type.BasicTypeRegistry     : Adding type registration nstring -> org.hibernate.type.BasicTypeReference@18ad085a
2024-10-06T23:06:58.602-03:00 DEBUG 7840 --- [ms-dfs-productos] [           main] org.hibernate.type.BasicTypeRegistry     : Adding type registration characters -> org.hibernate.type.BasicTypeReference@15ea0ca3
2024-10-06T23:06:58.602-03:00 DEBUG 7840 --- [ms-dfs-productos] [           main] org.hibernate.type.BasicTypeRegistry     : Adding type registration char[] -> org.hibernate.type.BasicTypeReference@15ea0ca3
2024-10-06T23:06:58.602-03:00 DEBUG 7840 --- [ms-dfs-productos] [           main] org.hibernate.type.BasicTypeRegistry     : Adding type registration [C -> org.hibernate.type.BasicTypeReference@15ea0ca3
2024-10-06T23:06:58.602-03:00 DEBUG 7840 --- [ms-dfs-productos] [           main] org.hibernate.type.BasicTypeRegistry     : Adding type registration wrapper-characters -> org.hibernate.type.BasicTypeReference@7f3a92fd
2024-10-06T23:06:58.602-03:00 DEBUG 7840 --- [ms-dfs-productos] [           main] org.hibernate.type.BasicTypeRegistry     : Adding type registration text -> org.hibernate.type.BasicTypeReference@4e111e08
2024-10-06T23:06:58.602-03:00 DEBUG 7840 --- [ms-dfs-productos] [           main] org.hibernate.type.BasicTypeRegistry     : Adding type registration ntext -> org.hibernate.type.BasicTypeReference@3e0e3048
2024-10-06T23:06:58.602-03:00 DEBUG 7840 --- [ms-dfs-productos] [           main] org.hibernate.type.BasicTypeRegistry     : Adding type registration clob -> org.hibernate.type.BasicTypeReference@7bc4ac3e
2024-10-06T23:06:58.602-03:00 DEBUG 7840 --- [ms-dfs-productos] [           main] org.hibernate.type.BasicTypeRegistry     : Adding type registration java.sql.Clob -> org.hibernate.type.BasicTypeReference@7bc4ac3e
2024-10-06T23:06:58.602-03:00 DEBUG 7840 --- [ms-dfs-productos] [           main] org.hibernate.type.BasicTypeRegistry     : Adding type registration nclob -> org.hibernate.type.BasicTypeReference@504274c1
2024-10-06T23:06:58.602-03:00 DEBUG 7840 --- [ms-dfs-productos] [           main] org.hibernate.type.BasicTypeRegistry     : Adding type registration java.sql.NClob -> org.hibernate.type.BasicTypeReference@504274c1
2024-10-06T23:06:58.602-03:00 DEBUG 7840 --- [ms-dfs-productos] [           main] org.hibernate.type.BasicTypeRegistry     : Adding type registration materialized_clob -> org.hibernate.type.BasicTypeReference@16e5c19f
2024-10-06T23:06:58.602-03:00 DEBUG 7840 --- [ms-dfs-productos] [           main] org.hibernate.type.BasicTypeRegistry     : Adding type registration materialized_clob_char_array -> org.hibernate.type.BasicTypeReference@59263f7b
2024-10-06T23:06:58.602-03:00 DEBUG 7840 --- [ms-dfs-productos] [           main] org.hibernate.type.BasicTypeRegistry     : Adding type registration materialized_clob_character_array -> org.hibernate.type.BasicTypeReference@7ddcd3d
2024-10-06T23:06:58.602-03:00 DEBUG 7840 --- [ms-dfs-productos] [           main] org.hibernate.type.BasicTypeRegistry     : Adding type registration materialized_nclob -> org.hibernate.type.BasicTypeReference@447a557b
2024-10-06T23:06:58.602-03:00 DEBUG 7840 --- [ms-dfs-productos] [           main] org.hibernate.type.BasicTypeRegistry     : Adding type registration materialized_nclob_character_array -> org.hibernate.type.BasicTypeReference@7cab8d52
2024-10-06T23:06:58.602-03:00 DEBUG 7840 --- [ms-dfs-productos] [           main] org.hibernate.type.BasicTypeRegistry     : Adding type registration materialized_nclob_char_array -> org.hibernate.type.BasicTypeReference@141eb85b
2024-10-06T23:06:58.602-03:00 DEBUG 7840 --- [ms-dfs-productos] [           main] org.hibernate.type.BasicTypeRegistry     : Adding type registration Duration -> org.hibernate.type.BasicTypeReference@7d432bc0
2024-10-06T23:06:58.602-03:00 DEBUG 7840 --- [ms-dfs-productos] [           main] org.hibernate.type.BasicTypeRegistry     : Adding type registration java.time.Duration -> org.hibernate.type.BasicTypeReference@7d432bc0
2024-10-06T23:06:58.602-03:00 DEBUG 7840 --- [ms-dfs-productos] [           main] org.hibernate.type.BasicTypeRegistry     : Adding type registration LocalDateTime -> org.hibernate.type.BasicTypeReference@6b04689e
2024-10-06T23:06:58.602-03:00 DEBUG 7840 --- [ms-dfs-productos] [           main] org.hibernate.type.BasicTypeRegistry     : Adding type registration java.time.LocalDateTime -> org.hibernate.type.BasicTypeReference@6b04689e
2024-10-06T23:06:58.602-03:00 DEBUG 7840 --- [ms-dfs-productos] [           main] org.hibernate.type.BasicTypeRegistry     : Adding type registration LocalDate -> org.hibernate.type.BasicTypeReference@4be5b9b1
2024-10-06T23:06:58.602-03:00 DEBUG 7840 --- [ms-dfs-productos] [           main] org.hibernate.type.BasicTypeRegistry     : Adding type registration java.time.LocalDate -> org.hibernate.type.BasicTypeReference@4be5b9b1
2024-10-06T23:06:58.602-03:00 DEBUG 7840 --- [ms-dfs-productos] [           main] org.hibernate.type.BasicTypeRegistry     : Adding type registration LocalTime -> org.hibernate.type.BasicTypeReference@2ad80cf6
2024-10-06T23:06:58.602-03:00 DEBUG 7840 --- [ms-dfs-productos] [           main] org.hibernate.type.BasicTypeRegistry     : Adding type registration java.time.LocalTime -> org.hibernate.type.BasicTypeReference@2ad80cf6
2024-10-06T23:06:58.602-03:00 DEBUG 7840 --- [ms-dfs-productos] [           main] org.hibernate.type.BasicTypeRegistry     : Adding type registration OffsetDateTime -> org.hibernate.type.BasicTypeReference@4e212f46
2024-10-06T23:06:58.602-03:00 DEBUG 7840 --- [ms-dfs-productos] [           main] org.hibernate.type.BasicTypeRegistry     : Adding type registration java.time.OffsetDateTime -> org.hibernate.type.BasicTypeReference@4e212f46
2024-10-06T23:06:58.602-03:00 DEBUG 7840 --- [ms-dfs-productos] [           main] org.hibernate.type.BasicTypeRegistry     : Adding type registration OffsetDateTimeWithTimezone -> org.hibernate.type.BasicTypeReference@629fe84
2024-10-06T23:06:58.602-03:00 DEBUG 7840 --- [ms-dfs-productos] [           main] org.hibernate.type.BasicTypeRegistry     : Adding type registration OffsetDateTimeWithoutTimezone -> org.hibernate.type.BasicTypeReference@6067e7c1
2024-10-06T23:06:58.602-03:00 DEBUG 7840 --- [ms-dfs-productos] [           main] org.hibernate.type.BasicTypeRegistry     : Adding type registration OffsetTime -> org.hibernate.type.BasicTypeReference@ab2e887
2024-10-06T23:06:58.602-03:00 DEBUG 7840 --- [ms-dfs-productos] [           main] org.hibernate.type.BasicTypeRegistry     : Adding type registration java.time.OffsetTime -> org.hibernate.type.BasicTypeReference@ab2e887
2024-10-06T23:06:58.602-03:00 DEBUG 7840 --- [ms-dfs-productos] [           main] org.hibernate.type.BasicTypeRegistry     : Adding type registration OffsetTimeUtc -> org.hibernate.type.BasicTypeReference@4daead88
2024-10-06T23:06:58.602-03:00 DEBUG 7840 --- [ms-dfs-productos] [           main] org.hibernate.type.BasicTypeRegistry     : Adding type registration OffsetTimeWithTimezone -> org.hibernate.type.BasicTypeReference@43aa767
2024-10-06T23:06:58.602-03:00 DEBUG 7840 --- [ms-dfs-productos] [           main] org.hibernate.type.BasicTypeRegistry     : Adding type registration OffsetTimeWithoutTimezone -> org.hibernate.type.BasicTypeReference@46573cfe
2024-10-06T23:06:58.602-03:00 DEBUG 7840 --- [ms-dfs-productos] [           main] org.hibernate.type.BasicTypeRegistry     : Adding type registration ZonedDateTime -> org.hibernate.type.BasicTypeReference@7ead0b51
2024-10-06T23:06:58.602-03:00 DEBUG 7840 --- [ms-dfs-productos] [           main] org.hibernate.type.BasicTypeRegistry     : Adding type registration java.time.ZonedDateTime -> org.hibernate.type.BasicTypeReference@7ead0b51
2024-10-06T23:06:58.602-03:00 DEBUG 7840 --- [ms-dfs-productos] [           main] org.hibernate.type.BasicTypeRegistry     : Adding type registration ZonedDateTimeWithTimezone -> org.hibernate.type.BasicTypeReference@2f7d8a7c
2024-10-06T23:06:58.602-03:00 DEBUG 7840 --- [ms-dfs-productos] [           main] org.hibernate.type.BasicTypeRegistry     : Adding type registration ZonedDateTimeWithoutTimezone -> org.hibernate.type.BasicTypeReference@14745c3c
2024-10-06T23:06:58.602-03:00 DEBUG 7840 --- [ms-dfs-productos] [           main] org.hibernate.type.BasicTypeRegistry     : Adding type registration date -> org.hibernate.type.BasicTypeReference@6bbb3280
2024-10-06T23:06:58.602-03:00 DEBUG 7840 --- [ms-dfs-productos] [           main] org.hibernate.type.BasicTypeRegistry     : Adding type registration java.sql.Date -> org.hibernate.type.BasicTypeReference@6bbb3280
2024-10-06T23:06:58.602-03:00 DEBUG 7840 --- [ms-dfs-productos] [           main] org.hibernate.type.BasicTypeRegistry     : Adding type registration time -> org.hibernate.type.BasicTypeReference@7dda5b25
2024-10-06T23:06:58.602-03:00 DEBUG 7840 --- [ms-dfs-productos] [           main] org.hibernate.type.BasicTypeRegistry     : Adding type registration java.sql.Time -> org.hibernate.type.BasicTypeReference@7dda5b25
2024-10-06T23:06:58.602-03:00 DEBUG 7840 --- [ms-dfs-productos] [           main] org.hibernate.type.BasicTypeRegistry     : Adding type registration timestamp -> org.hibernate.type.BasicTypeReference@3e371088
2024-10-06T23:06:58.602-03:00 DEBUG 7840 --- [ms-dfs-productos] [           main] org.hibernate.type.BasicTypeRegistry     : Adding type registration java.sql.Timestamp -> org.hibernate.type.BasicTypeReference@3e371088
2024-10-06T23:06:58.602-03:00 DEBUG 7840 --- [ms-dfs-productos] [           main] org.hibernate.type.BasicTypeRegistry     : Adding type registration java.util.Date -> org.hibernate.type.BasicTypeReference@3e371088
2024-10-06T23:06:58.602-03:00 DEBUG 7840 --- [ms-dfs-productos] [           main] org.hibernate.type.BasicTypeRegistry     : Adding type registration calendar -> org.hibernate.type.BasicTypeReference@8942ece
2024-10-06T23:06:58.602-03:00 DEBUG 7840 --- [ms-dfs-productos] [           main] org.hibernate.type.BasicTypeRegistry     : Adding type registration java.util.Calendar -> org.hibernate.type.BasicTypeReference@8942ece
2024-10-06T23:06:58.602-03:00 DEBUG 7840 --- [ms-dfs-productos] [           main] org.hibernate.type.BasicTypeRegistry     : Adding type registration java.util.GregorianCalendar -> org.hibernate.type.BasicTypeReference@8942ece
2024-10-06T23:06:58.602-03:00 DEBUG 7840 --- [ms-dfs-productos] [           main] org.hibernate.type.BasicTypeRegistry     : Adding type registration calendar_date -> org.hibernate.type.BasicTypeReference@3a89226e
2024-10-06T23:06:58.602-03:00 DEBUG 7840 --- [ms-dfs-productos] [           main] org.hibernate.type.BasicTypeRegistry     : Adding type registration calendar_time -> org.hibernate.type.BasicTypeReference@15254569
2024-10-06T23:06:58.602-03:00 DEBUG 7840 --- [ms-dfs-productos] [           main] org.hibernate.type.BasicTypeRegistry     : Adding type registration instant -> org.hibernate.type.BasicTypeReference@1390a415
2024-10-06T23:06:58.602-03:00 DEBUG 7840 --- [ms-dfs-productos] [           main] org.hibernate.type.BasicTypeRegistry     : Adding type registration java.time.Instant -> org.hibernate.type.BasicTypeReference@1390a415
2024-10-06T23:06:58.603-03:00 DEBUG 7840 --- [ms-dfs-productos] [           main] org.hibernate.type.BasicTypeRegistry     : Adding type registration uuid -> org.hibernate.type.BasicTypeReference@3a5b1af7
2024-10-06T23:06:58.603-03:00 DEBUG 7840 --- [ms-dfs-productos] [           main] org.hibernate.type.BasicTypeRegistry     : Adding type registration java.util.UUID -> org.hibernate.type.BasicTypeReference@3a5b1af7
2024-10-06T23:06:58.603-03:00 DEBUG 7840 --- [ms-dfs-productos] [           main] org.hibernate.type.BasicTypeRegistry     : Adding type registration pg-uuid -> org.hibernate.type.BasicTypeReference@3a5b1af7
2024-10-06T23:06:58.603-03:00 DEBUG 7840 --- [ms-dfs-productos] [           main] org.hibernate.type.BasicTypeRegistry     : Adding type registration uuid-binary -> org.hibernate.type.BasicTypeReference@4932d580
2024-10-06T23:06:58.603-03:00 DEBUG 7840 --- [ms-dfs-productos] [           main] org.hibernate.type.BasicTypeRegistry     : Adding type registration uuid-char -> org.hibernate.type.BasicTypeReference@7603cfc2
2024-10-06T23:06:58.603-03:00 DEBUG 7840 --- [ms-dfs-productos] [           main] org.hibernate.type.BasicTypeRegistry     : Adding type registration class -> org.hibernate.type.BasicTypeReference@60256d1b
2024-10-06T23:06:58.603-03:00 DEBUG 7840 --- [ms-dfs-productos] [           main] org.hibernate.type.BasicTypeRegistry     : Adding type registration java.lang.Class -> org.hibernate.type.BasicTypeReference@60256d1b
2024-10-06T23:06:58.603-03:00 DEBUG 7840 --- [ms-dfs-productos] [           main] org.hibernate.type.BasicTypeRegistry     : Adding type registration currency -> org.hibernate.type.BasicTypeReference@24b4f4a
2024-10-06T23:06:58.603-03:00 DEBUG 7840 --- [ms-dfs-productos] [           main] org.hibernate.type.BasicTypeRegistry     : Adding type registration Currency -> org.hibernate.type.BasicTypeReference@24b4f4a
2024-10-06T23:06:58.603-03:00 DEBUG 7840 --- [ms-dfs-productos] [           main] org.hibernate.type.BasicTypeRegistry     : Adding type registration java.util.Currency -> org.hibernate.type.BasicTypeReference@24b4f4a
2024-10-06T23:06:58.603-03:00 DEBUG 7840 --- [ms-dfs-productos] [           main] org.hibernate.type.BasicTypeRegistry     : Adding type registration locale -> org.hibernate.type.BasicTypeReference@5d8a1456
2024-10-06T23:06:58.603-03:00 DEBUG 7840 --- [ms-dfs-productos] [           main] org.hibernate.type.BasicTypeRegistry     : Adding type registration java.util.Locale -> org.hibernate.type.BasicTypeReference@5d8a1456
2024-10-06T23:06:58.603-03:00 DEBUG 7840 --- [ms-dfs-productos] [           main] org.hibernate.type.BasicTypeRegistry     : Adding type registration serializable -> org.hibernate.type.BasicTypeReference@351fadfa
2024-10-06T23:06:58.603-03:00 DEBUG 7840 --- [ms-dfs-productos] [           main] org.hibernate.type.BasicTypeRegistry     : Adding type registration java.io.Serializable -> org.hibernate.type.BasicTypeReference@351fadfa
2024-10-06T23:06:58.603-03:00 DEBUG 7840 --- [ms-dfs-productos] [           main] org.hibernate.type.BasicTypeRegistry     : Adding type registration timezone -> org.hibernate.type.BasicTypeReference@7e1953f7
2024-10-06T23:06:58.603-03:00 DEBUG 7840 --- [ms-dfs-productos] [           main] org.hibernate.type.BasicTypeRegistry     : Adding type registration java.util.TimeZone -> org.hibernate.type.BasicTypeReference@7e1953f7
2024-10-06T23:06:58.603-03:00 DEBUG 7840 --- [ms-dfs-productos] [           main] org.hibernate.type.BasicTypeRegistry     : Adding type registration ZoneOffset -> org.hibernate.type.BasicTypeReference@26f07261
2024-10-06T23:06:58.603-03:00 DEBUG 7840 --- [ms-dfs-productos] [           main] org.hibernate.type.BasicTypeRegistry     : Adding type registration java.time.ZoneOffset -> org.hibernate.type.BasicTypeReference@26f07261
2024-10-06T23:06:58.603-03:00 DEBUG 7840 --- [ms-dfs-productos] [           main] org.hibernate.type.BasicTypeRegistry     : Adding type registration url -> org.hibernate.type.BasicTypeReference@2b55ea4d
2024-10-06T23:06:58.603-03:00 DEBUG 7840 --- [ms-dfs-productos] [           main] org.hibernate.type.BasicTypeRegistry     : Adding type registration java.net.URL -> org.hibernate.type.BasicTypeReference@2b55ea4d
2024-10-06T23:06:58.603-03:00 DEBUG 7840 --- [ms-dfs-productos] [           main] org.hibernate.type.BasicTypeRegistry     : Adding type registration vector -> org.hibernate.type.BasicTypeReference@63ede2a0
2024-10-06T23:06:58.603-03:00 DEBUG 7840 --- [ms-dfs-productos] [           main] org.hibernate.type.BasicTypeRegistry     : Adding type registration row_version -> org.hibernate.type.BasicTypeReference@57df93c1
2024-10-06T23:06:58.603-03:00 DEBUG 7840 --- [ms-dfs-productos] [           main] org.hibernate.type.BasicTypeRegistry     : Adding type registration object -> org.hibernate.type.JavaObjectType@53a3fc8b
2024-10-06T23:06:58.603-03:00 DEBUG 7840 --- [ms-dfs-productos] [           main] org.hibernate.type.BasicTypeRegistry     : Adding type registration java.lang.Object -> org.hibernate.type.JavaObjectType@53a3fc8b
2024-10-06T23:06:58.603-03:00 DEBUG 7840 --- [ms-dfs-productos] [           main] org.hibernate.type.BasicTypeRegistry     : Adding type registration null -> org.hibernate.type.NullType@7a6b214c
2024-10-06T23:06:58.603-03:00 DEBUG 7840 --- [ms-dfs-productos] [           main] org.hibernate.type.BasicTypeRegistry     : Adding type registration imm_date -> org.hibernate.type.BasicTypeReference@6d293b41
2024-10-06T23:06:58.603-03:00 DEBUG 7840 --- [ms-dfs-productos] [           main] org.hibernate.type.BasicTypeRegistry     : Adding type registration imm_time -> org.hibernate.type.BasicTypeReference@c0d114b
2024-10-06T23:06:58.603-03:00 DEBUG 7840 --- [ms-dfs-productos] [           main] org.hibernate.type.BasicTypeRegistry     : Adding type registration imm_timestamp -> org.hibernate.type.BasicTypeReference@2079ce51
2024-10-06T23:06:58.603-03:00 DEBUG 7840 --- [ms-dfs-productos] [           main] org.hibernate.type.BasicTypeRegistry     : Adding type registration imm_calendar -> org.hibernate.type.BasicTypeReference@1692d173
2024-10-06T23:06:58.603-03:00 DEBUG 7840 --- [ms-dfs-productos] [           main] org.hibernate.type.BasicTypeRegistry     : Adding type registration imm_calendar_date -> org.hibernate.type.BasicTypeReference@32c503d3
2024-10-06T23:06:58.603-03:00 DEBUG 7840 --- [ms-dfs-productos] [           main] org.hibernate.type.BasicTypeRegistry     : Adding type registration imm_calendar_time -> org.hibernate.type.BasicTypeReference@5626cb89
2024-10-06T23:06:58.603-03:00 DEBUG 7840 --- [ms-dfs-productos] [           main] org.hibernate.type.BasicTypeRegistry     : Adding type registration imm_binary -> org.hibernate.type.BasicTypeReference@38c38c5a
2024-10-06T23:06:58.603-03:00 DEBUG 7840 --- [ms-dfs-productos] [           main] org.hibernate.type.BasicTypeRegistry     : Adding type registration imm_serializable -> org.hibernate.type.BasicTypeReference@38dacb78
2024-10-06T23:06:58.604-03:00 DEBUG 7840 --- [ms-dfs-productos] [           main] o.h.boot.internal.BootstrapContextImpl   : Injecting JPA temp ClassLoader [org.springframework.instrument.classloading.SimpleThrowawayClassLoader@42017162] into BootstrapContext; was [null]
2024-10-06T23:06:58.604-03:00 DEBUG 7840 --- [ms-dfs-productos] [           main] o.h.boot.internal.ClassLoaderAccessImpl  : ClassLoaderAccessImpl#injectTempClassLoader(org.springframework.instrument.classloading.SimpleThrowawayClassLoader@42017162) [was null]
2024-10-06T23:06:58.604-03:00 DEBUG 7840 --- [ms-dfs-productos] [           main] o.h.boot.internal.BootstrapContextImpl   : Injecting ScanEnvironment [org.hibernate.jpa.boot.internal.StandardJpaScanEnvironmentImpl@66049424] into BootstrapContext; was [null]
2024-10-06T23:06:58.604-03:00 DEBUG 7840 --- [ms-dfs-productos] [           main] o.h.boot.internal.BootstrapContextImpl   : Injecting ScanOptions [org.hibernate.boot.archive.scan.internal.StandardScanOptions@8eb1297] into BootstrapContext; was [org.hibernate.boot.archive.scan.internal.StandardScanOptions@766f2d65]
2024-10-06T23:06:58.611-03:00  INFO 7840 --- [ms-dfs-productos] [           main] o.s.o.j.p.SpringPersistenceUnitInfo      : No LoadTimeWeaver setup: ignoring JPA class transformer
2024-10-06T23:06:58.611-03:00 DEBUG 7840 --- [ms-dfs-productos] [           main] o.h.boot.internal.BootstrapContextImpl   : Injecting JPA temp ClassLoader [null] into BootstrapContext; was [org.springframework.instrument.classloading.SimpleThrowawayClassLoader@42017162]
2024-10-06T23:06:58.611-03:00 DEBUG 7840 --- [ms-dfs-productos] [           main] o.h.boot.internal.ClassLoaderAccessImpl  : ClassLoaderAccessImpl#injectTempClassLoader(null) [was org.springframework.instrument.classloading.SimpleThrowawayClassLoader@42017162]
2024-10-06T23:06:58.611-03:00  INFO 7840 --- [ms-dfs-productos] [           main] com.zaxxer.hikari.HikariDataSource       : HikariPool-2 - Starting...
2024-10-06T23:06:58.611-03:00  WARN 7840 --- [ms-dfs-productos] [           main] c.zaxxer.hikari.util.DriverDataSource    : Registered driver with driverClassName=oracle.jdbc.driver.OracleDriver was not found, trying direct instantiation.
2024-10-06T23:06:58.759-03:00  INFO 7840 --- [ms-dfs-productos] [           main] com.zaxxer.hikari.pool.HikariPool        : HikariPool-2 - Added connection oracle.jdbc.driver.T4CConnection@1926a40f
2024-10-06T23:06:58.759-03:00  INFO 7840 --- [ms-dfs-productos] [           main] com.zaxxer.hikari.HikariDataSource       : HikariPool-2 - Start completed.
2024-10-06T23:06:58.759-03:00 DEBUG 7840 --- [ms-dfs-productos] [           main] o.h.e.j.e.i.JdbcEnvironmentInitiator     : Database ->
	   name : Oracle
	version : Oracle Database 19c Enterprise Edition Release 19.0.0.0.0 - Production
Version 19.25.0.1.0
	  major : 19
	  minor : 0
2024-10-06T23:06:58.759-03:00 DEBUG 7840 --- [ms-dfs-productos] [           main] o.h.e.j.e.i.JdbcEnvironmentInitiator     : Driver ->
	   name : Oracle JDBC driver
	version : 21.9.0.0.0
	  major : 21
	  minor : 9
2024-10-06T23:06:58.759-03:00 DEBUG 7840 --- [ms-dfs-productos] [           main] o.h.e.j.e.i.JdbcEnvironmentInitiator     : JDBC version : 4.3
2024-10-06T23:06:58.762-03:00  WARN 7840 --- [ms-dfs-productos] [           main] org.hibernate.orm.deprecation            : HHH90000025: OracleDialect does not need to be specified explicitly using 'hibernate.dialect' (remove the property setting and it will be selected by default)
2024-10-06T23:06:58.762-03:00 DEBUG 7840 --- [ms-dfs-productos] [           main] org.hibernate.orm.dialect                : HHH035001: Using dialect: org.hibernate.dialect.OracleDialect, version: 19.0
2024-10-06T23:06:58.768-03:00 DEBUG 7840 --- [ms-dfs-productos] [           main] o.h.t.d.jdbc.spi.JdbcTypeRegistry        : addDescriptor(NCharTypeDescriptor) replaced previous registration(CharTypeDescriptor)
2024-10-06T23:06:58.769-03:00 DEBUG 7840 --- [ms-dfs-productos] [           main] o.h.t.d.jdbc.spi.JdbcTypeRegistry        : addDescriptor(NVarcharTypeDescriptor) replaced previous registration(VarcharTypeDescriptor)
2024-10-06T23:06:58.769-03:00 DEBUG 7840 --- [ms-dfs-productos] [           main] o.h.t.d.jdbc.spi.JdbcTypeRegistry        : addDescriptor(LongNVarcharTypeDescriptor) replaced previous registration(LongVarcharTypeDescriptor)
2024-10-06T23:06:58.769-03:00 DEBUG 7840 --- [ms-dfs-productos] [           main] o.h.t.d.jdbc.spi.JdbcTypeRegistry        : addDescriptor(NClobTypeDescriptor(DEFAULT)) replaced previous registration(ClobTypeDescriptor(DEFAULT))
2024-10-06T23:06:58.769-03:00 DEBUG 7840 --- [ms-dfs-productos] [           main] o.h.t.d.jdbc.spi.JdbcTypeRegistry        : addDescriptor(2005, ClobTypeDescriptor(STREAM_BINDING)) replaced previous registration(ClobTypeDescriptor(DEFAULT))
2024-10-06T23:06:58.769-03:00 DEBUG 7840 --- [ms-dfs-productos] [           main] o.h.t.d.jdbc.spi.JdbcTypeRegistry        : addDescriptor(BooleanTypeDescriptor) replaced previous registration(BooleanTypeDescriptor)
2024-10-06T23:06:58.769-03:00 DEBUG 7840 --- [ms-dfs-productos] [           main] org.hibernate.type.BasicTypeRegistry     : Adding type registration null -> org.hibernate.type.NullType@496a514f
2024-10-06T23:06:58.769-03:00 DEBUG 7840 --- [ms-dfs-productos] [           main] org.hibernate.type.BasicTypeRegistry     : Type registration key [null] overrode previous entry : `org.hibernate.type.NullType@7a6b214c`
2024-10-06T23:06:58.769-03:00 DEBUG 7840 --- [ms-dfs-productos] [           main] org.hibernate.type.BasicTypeRegistry     : Adding type registration JAVA_OBJECT -> org.hibernate.type.JavaObjectType@430e9d37
2024-10-06T23:06:58.769-03:00 DEBUG 7840 --- [ms-dfs-productos] [           main] org.hibernate.type.BasicTypeRegistry     : Adding type registration java.lang.Object -> org.hibernate.type.JavaObjectType@430e9d37
2024-10-06T23:06:58.769-03:00 DEBUG 7840 --- [ms-dfs-productos] [           main] org.hibernate.type.BasicTypeRegistry     : Type registration key [java.lang.Object] overrode previous entry : `org.hibernate.type.JavaObjectType@53a3fc8b`
2024-10-06T23:06:58.769-03:00 DEBUG 7840 --- [ms-dfs-productos] [           main] org.hibernate.type.BasicTypeRegistry     : Adding type registration org.hibernate.type.DurationType -> basicType@22(java.time.Duration,3015)
2024-10-06T23:06:58.769-03:00 DEBUG 7840 --- [ms-dfs-productos] [           main] org.hibernate.type.BasicTypeRegistry     : Adding type registration Duration -> basicType@22(java.time.Duration,3015)
2024-10-06T23:06:58.769-03:00 DEBUG 7840 --- [ms-dfs-productos] [           main] org.hibernate.type.BasicTypeRegistry     : Adding type registration java.time.Duration -> basicType@22(java.time.Duration,3015)
2024-10-06T23:06:58.769-03:00 DEBUG 7840 --- [ms-dfs-productos] [           main] o.h.type.spi.TypeConfiguration$Scope     : Scoping TypeConfiguration [org.hibernate.type.spi.TypeConfiguration@4968deb9] to MetadataBuildingContext [org.hibernate.boot.internal.MetadataBuildingContextRootImpl@32828624]
2024-10-06T23:06:58.769-03:00 DEBUG 7840 --- [ms-dfs-productos] [           main] o.h.boot.model.relational.Namespace      : Created database namespace [logicalName=Name{catalog=null, schema=null}, physicalName=Name{catalog=null, schema=null}]
2024-10-06T23:06:58.769-03:00 DEBUG 7840 --- [ms-dfs-productos] [           main] o.h.boot.model.internal.EntityBinder     : Binding entity from annotated class: dfs.s3.ms_dfs_productos.model.Envio
2024-10-06T23:06:58.769-03:00 DEBUG 7840 --- [ms-dfs-productos] [           main] o.h.boot.model.internal.EntityBinder     : Import with entity name Envio
2024-10-06T23:06:58.770-03:00 DEBUG 7840 --- [ms-dfs-productos] [           main] o.h.boot.model.internal.EntityBinder     : Bind entity dfs.s3.ms_dfs_productos.model.Envio on table envio
2024-10-06T23:06:58.770-03:00 DEBUG 7840 --- [ms-dfs-productos] [           main] o.h.boot.model.internal.AnnotatedColumn  : Binding column: AnnotatedDiscriminatorColumn(column='DTYPE')
2024-10-06T23:06:58.770-03:00 DEBUG 7840 --- [ms-dfs-productos] [           main] o.h.boot.model.internal.AnnotatedColumn  : Binding column: AnnotatedColumn(column='id')
2024-10-06T23:06:58.770-03:00 DEBUG 7840 --- [ms-dfs-productos] [           main] o.h.boot.internal.ClassLoaderAccessImpl  : Not known whether passed class name [dfs.s3.ms_dfs_productos.model.Envio] is safe
2024-10-06T23:06:58.770-03:00 DEBUG 7840 --- [ms-dfs-productos] [           main] o.h.boot.internal.ClassLoaderAccessImpl  : No temp ClassLoader provided; using live ClassLoader for loading potentially unsafe class : dfs.s3.ms_dfs_productos.model.Envio
2024-10-06T23:06:58.770-03:00 DEBUG 7840 --- [ms-dfs-productos] [           main] o.h.boot.model.internal.PropertyBinder   : MetadataSourceProcessor property id with lazy=false
2024-10-06T23:06:58.770-03:00 DEBUG 7840 --- [ms-dfs-productos] [           main] o.h.b.m.internal.AbstractPropertyHolder  : Attempting to locate auto-apply AttributeConverter for property [dfs.s3.ms_dfs_productos.model.Envio:id]
2024-10-06T23:06:58.770-03:00 DEBUG 7840 --- [ms-dfs-productos] [           main] o.h.b.model.internal.BasicValueBinder    : building BasicValue for id
2024-10-06T23:06:58.770-03:00 DEBUG 7840 --- [ms-dfs-productos] [           main] org.hibernate.mapping.BasicValue         : Skipping column re-registration: envio.id
2024-10-06T23:06:58.770-03:00 DEBUG 7840 --- [ms-dfs-productos] [           main] o.h.boot.model.internal.PropertyBinder   : Building property id
2024-10-06T23:06:58.770-03:00 DEBUG 7840 --- [ms-dfs-productos] [           main] o.h.boot.model.internal.BinderHelper     : #makeIdGenerator(BasicValue([Column(id)]), id, identity, , ...)
2024-10-06T23:06:58.771-03:00 DEBUG 7840 --- [ms-dfs-productos] [           main] o.h.boot.model.internal.AnnotatedColumn  : Binding column: AnnotatedColumn(column='cod_seguimiento')
2024-10-06T23:06:58.771-03:00 DEBUG 7840 --- [ms-dfs-productos] [           main] o.h.boot.model.internal.PropertyBinder   : MetadataSourceProcessor property cod_seguimiento with lazy=false
2024-10-06T23:06:58.771-03:00 DEBUG 7840 --- [ms-dfs-productos] [           main] o.h.b.m.internal.AbstractPropertyHolder  : Attempting to locate auto-apply AttributeConverter for property [dfs.s3.ms_dfs_productos.model.Envio:cod_seguimiento]
2024-10-06T23:06:58.771-03:00 DEBUG 7840 --- [ms-dfs-productos] [           main] o.h.b.model.internal.BasicValueBinder    : building BasicValue for cod_seguimiento
2024-10-06T23:06:58.771-03:00 DEBUG 7840 --- [ms-dfs-productos] [           main] org.hibernate.mapping.BasicValue         : Skipping column re-registration: envio.cod_seguimiento
2024-10-06T23:06:58.771-03:00 DEBUG 7840 --- [ms-dfs-productos] [           main] o.h.boot.model.internal.PropertyBinder   : Building property cod_seguimiento
2024-10-06T23:06:58.771-03:00 DEBUG 7840 --- [ms-dfs-productos] [           main] o.h.boot.model.internal.AnnotatedColumn  : Binding column: AnnotatedColumn(column='distribuidor')
2024-10-06T23:06:58.771-03:00 DEBUG 7840 --- [ms-dfs-productos] [           main] o.h.boot.model.internal.PropertyBinder   : MetadataSourceProcessor property distribuidor with lazy=false
2024-10-06T23:06:58.771-03:00 DEBUG 7840 --- [ms-dfs-productos] [           main] o.h.b.m.internal.AbstractPropertyHolder  : Attempting to locate auto-apply AttributeConverter for property [dfs.s3.ms_dfs_productos.model.Envio:distribuidor]
2024-10-06T23:06:58.771-03:00 DEBUG 7840 --- [ms-dfs-productos] [           main] o.h.b.model.internal.BasicValueBinder    : building BasicValue for distribuidor
2024-10-06T23:06:58.771-03:00 DEBUG 7840 --- [ms-dfs-productos] [           main] org.hibernate.mapping.BasicValue         : Skipping column re-registration: envio.distribuidor
2024-10-06T23:06:58.771-03:00 DEBUG 7840 --- [ms-dfs-productos] [           main] o.h.boot.model.internal.PropertyBinder   : Building property distribuidor
2024-10-06T23:06:58.771-03:00 DEBUG 7840 --- [ms-dfs-productos] [           main] o.h.boot.model.internal.AnnotatedColumn  : Binding column: AnnotatedColumn(column='estado')
2024-10-06T23:06:58.771-03:00 DEBUG 7840 --- [ms-dfs-productos] [           main] o.h.boot.model.internal.PropertyBinder   : MetadataSourceProcessor property estado with lazy=false
2024-10-06T23:06:58.771-03:00 DEBUG 7840 --- [ms-dfs-productos] [           main] o.h.b.m.internal.AbstractPropertyHolder  : Attempting to locate auto-apply AttributeConverter for property [dfs.s3.ms_dfs_productos.model.Envio:estado]
2024-10-06T23:06:58.771-03:00 DEBUG 7840 --- [ms-dfs-productos] [           main] o.h.b.model.internal.BasicValueBinder    : building BasicValue for estado
2024-10-06T23:06:58.771-03:00 DEBUG 7840 --- [ms-dfs-productos] [           main] org.hibernate.mapping.BasicValue         : Skipping column re-registration: envio.estado
2024-10-06T23:06:58.771-03:00 DEBUG 7840 --- [ms-dfs-productos] [           main] o.h.boot.model.internal.PropertyBinder   : Building property estado
2024-10-06T23:06:58.771-03:00 DEBUG 7840 --- [ms-dfs-productos] [           main] o.h.boot.model.internal.AnnotatedColumn  : Binding column: AnnotatedColumn(column='producto_nombre')
2024-10-06T23:06:58.771-03:00 DEBUG 7840 --- [ms-dfs-productos] [           main] o.h.boot.model.internal.PropertyBinder   : MetadataSourceProcessor property producto_nombre with lazy=false
2024-10-06T23:06:58.771-03:00 DEBUG 7840 --- [ms-dfs-productos] [           main] o.h.b.m.internal.AbstractPropertyHolder  : Attempting to locate auto-apply AttributeConverter for property [dfs.s3.ms_dfs_productos.model.Envio:producto_nombre]
2024-10-06T23:06:58.771-03:00 DEBUG 7840 --- [ms-dfs-productos] [           main] o.h.b.model.internal.BasicValueBinder    : building BasicValue for producto_nombre
2024-10-06T23:06:58.771-03:00 DEBUG 7840 --- [ms-dfs-productos] [           main] org.hibernate.mapping.BasicValue         : Skipping column re-registration: envio.producto_nombre
2024-10-06T23:06:58.771-03:00 DEBUG 7840 --- [ms-dfs-productos] [           main] o.h.boot.model.internal.PropertyBinder   : Building property producto_nombre
2024-10-06T23:06:58.771-03:00 DEBUG 7840 --- [ms-dfs-productos] [           main] o.h.boot.model.internal.AnnotatedColumn  : Binding column: AnnotatedColumn(column='ubicacion')
2024-10-06T23:06:58.771-03:00 DEBUG 7840 --- [ms-dfs-productos] [           main] o.h.boot.model.internal.PropertyBinder   : MetadataSourceProcessor property ubicacion with lazy=false
2024-10-06T23:06:58.771-03:00 DEBUG 7840 --- [ms-dfs-productos] [           main] o.h.b.m.internal.AbstractPropertyHolder  : Attempting to locate auto-apply AttributeConverter for property [dfs.s3.ms_dfs_productos.model.Envio:ubicacion]
2024-10-06T23:06:58.771-03:00 DEBUG 7840 --- [ms-dfs-productos] [           main] o.h.b.model.internal.BasicValueBinder    : building BasicValue for ubicacion
2024-10-06T23:06:58.771-03:00 DEBUG 7840 --- [ms-dfs-productos] [           main] org.hibernate.mapping.BasicValue         : Skipping column re-registration: envio.ubicacion
2024-10-06T23:06:58.771-03:00 DEBUG 7840 --- [ms-dfs-productos] [           main] o.h.boot.model.internal.PropertyBinder   : Building property ubicacion
2024-10-06T23:06:58.772-03:00 DEBUG 7840 --- [ms-dfs-productos] [           main] o.h.b.r.c.i.ClassLoaderServiceImpl       : HHH000194: Package not found or no package-info.java: dfs.s3.ms_dfs_productos.model
2024-10-06T23:06:58.773-03:00 DEBUG 7840 --- [ms-dfs-productos] [           main] o.h.b.model.internal.BasicValueBinder    : Starting `BasicValueBinder#fillSimpleValue` for id
2024-10-06T23:06:58.773-03:00 DEBUG 7840 --- [ms-dfs-productos] [           main] o.h.b.model.internal.BasicValueBinder    : Starting `BasicValueBinder#fillSimpleValue` for cod_seguimiento
2024-10-06T23:06:58.773-03:00 DEBUG 7840 --- [ms-dfs-productos] [           main] o.h.b.model.internal.BasicValueBinder    : Starting `BasicValueBinder#fillSimpleValue` for distribuidor
2024-10-06T23:06:58.773-03:00 DEBUG 7840 --- [ms-dfs-productos] [           main] o.h.b.model.internal.BasicValueBinder    : Starting `BasicValueBinder#fillSimpleValue` for estado
2024-10-06T23:06:58.773-03:00 DEBUG 7840 --- [ms-dfs-productos] [           main] o.h.b.model.internal.BasicValueBinder    : Starting `BasicValueBinder#fillSimpleValue` for producto_nombre
2024-10-06T23:06:58.773-03:00 DEBUG 7840 --- [ms-dfs-productos] [           main] o.h.b.model.internal.BasicValueBinder    : Starting `BasicValueBinder#fillSimpleValue` for ubicacion
2024-10-06T23:06:58.773-03:00 DEBUG 7840 --- [ms-dfs-productos] [           main] org.hibernate.mapping.PrimaryKey         : Forcing column [id] to be non-null as it is part of the primary key for table [envio]
2024-10-06T23:06:58.782-03:00 DEBUG 7840 --- [ms-dfs-productos] [           main] o.hibernate.internal.SessionFactoryImpl  : Building session factory
2024-10-06T23:06:58.783-03:00 DEBUG 7840 --- [ms-dfs-productos] [           main] .h.s.i.SessionFactoryServiceRegistryImpl : EventListenerRegistry access via ServiceRegistry is deprecated.  Use `sessionFactory.getEventEngine().getListenerRegistry()` instead
2024-10-06T23:06:58.784-03:00 DEBUG 7840 --- [ms-dfs-productos] [           main] o.hibernate.internal.SessionFactoryImpl  : Instantiating SessionFactory with settings: {java.specification.version=22, sun.cpu.isalist=amd64, hibernate.resource.beans.container=org.springframework.orm.hibernate5.SpringBeanContainer@75e81be2, hibernate.connection.handling_mode=DELAYED_ACQUISITION_AND_HOLD, sun.jnu.encoding=Cp1252, hibernate.dialect=org.hibernate.dialect.OracleDialect, hibernate.implicit_naming_strategy=org.springframework.boot.orm.jpa.hibernate.SpringImplicitNamingStrategy, java.class.path=C:\Users\puffo\OneDrive\Documentos\GitHub\ms-dfs-productos\target\test-classes;C:\Users\puffo\OneDrive\Documentos\GitHub\ms-dfs-productos\target\classes;C:\Users\puffo\.m2\repository\org\springframework\boot\spring-boot-starter-actuator\3.3.3\spring-boot-starter-actuator-3.3.3.jar;C:\Users\puffo\.m2\repository\org\springframework\boot\spring-boot-starter\3.3.3\spring-boot-starter-3.3.3.jar;C:\Users\puffo\.m2\repository\org\springframework\boot\spring-boot-starter-logging\3.3.3\spring-boot-starter-logging-3.3.3.jar;C:\Users\puffo\.m2\repository\ch\qos\logback\logback-classic\1.5.7\logback-classic-1.5.7.jar;C:\Users\puffo\.m2\repository\ch\qos\logback\logback-core\1.5.7\logback-core-1.5.7.jar;C:\Users\puffo\.m2\repository\org\apache\logging\log4j\log4j-to-slf4j\2.23.1\log4j-to-slf4j-2.23.1.jar;C:\Users\puffo\.m2\repository\org\apache\logging\log4j\log4j-api\2.23.1\log4j-api-2.23.1.jar;C:\Users\puffo\.m2\repository\org\slf4j\jul-to-slf4j\2.0.16\jul-to-slf4j-2.0.16.jar;C:\Users\puffo\.m2\repository\jakarta\annotation\jakarta.annotation-api\2.1.1\jakarta.annotation-api-2.1.1.jar;C:\Users\puffo\.m2\repository\org\yaml\snakeyaml\2.2\snakeyaml-2.2.jar;C:\Users\puffo\.m2\repository\org\springframework\boot\spring-boot-actuator-autoconfigure\3.3.3\spring-boot-actuator-autoconfigure-3.3.3.jar;C:\Users\puffo\.m2\repository\org\springframework\boot\spring-boot-actuator\3.3.3\spring-boot-actuator-3.3.3.jar;C:\Users\puffo\.m2\repository\com\fasterxml\jackson\core\jackson-databind\2.17.2\jackson-databind-2.17.2.jar;C:\Users\puffo\.m2\repository\com\fasterxml\jackson\core\jackson-annotations\2.17.2\jackson-annotations-2.17.2.jar;C:\Users\puffo\.m2\repository\com\fasterxml\jackson\core\jackson-core\2.17.2\jackson-core-2.17.2.jar;C:\Users\puffo\.m2\repository\com\fasterxml\jackson\datatype\jackson-datatype-jsr310\2.17.2\jackson-datatype-jsr310-2.17.2.jar;C:\Users\puffo\.m2\repository\io\micrometer\micrometer-observation\1.13.3\micrometer-observation-1.13.3.jar;C:\Users\puffo\.m2\repository\io\micrometer\micrometer-commons\1.13.3\micrometer-commons-1.13.3.jar;C:\Users\puffo\.m2\repository\io\micrometer\micrometer-jakarta9\1.13.3\micrometer-jakarta9-1.13.3.jar;C:\Users\puffo\.m2\repository\io\micrometer\micrometer-core\1.13.3\micrometer-core-1.13.3.jar;C:\Users\puffo\.m2\repository\org\hdrhistogram\HdrHistogram\2.2.2\HdrHistogram-2.2.2.jar;C:\Users\puffo\.m2\repository\org\latencyutils\LatencyUtils\2.0.3\LatencyUtils-2.0.3.jar;C:\Users\puffo\.m2\repository\org\springframework\boot\spring-boot-starter-web\3.3.3\spring-boot-starter-web-3.3.3.jar;C:\Users\puffo\.m2\repository\org\springframework\boot\spring-boot-starter-json\3.3.3\spring-boot-starter-json-3.3.3.jar;C:\Users\puffo\.m2\repository\com\fasterxml\jackson\datatype\jackson-datatype-jdk8\2.17.2\jackson-datatype-jdk8-2.17.2.jar;C:\Users\puffo\.m2\repository\com\fasterxml\jackson\module\jackson-module-parameter-names\2.17.2\jackson-module-parameter-names-2.17.2.jar;C:\Users\puffo\.m2\repository\org\springframework\boot\spring-boot-starter-tomcat\3.3.3\spring-boot-starter-tomcat-3.3.3.jar;C:\Users\puffo\.m2\repository\org\apache\tomcat\embed\tomcat-embed-core\10.1.28\tomcat-embed-core-10.1.28.jar;C:\Users\puffo\.m2\repository\org\apache\tomcat\embed\tomcat-embed-websocket\10.1.28\tomcat-embed-websocket-10.1.28.jar;C:\Users\puffo\.m2\repository\org\springframework\spring-web\6.1.12\spring-web-6.1.12.jar;C:\Users\puffo\.m2\repository\org\springframework\spring-beans\6.1.12\spring-beans-6.1.12.jar;C:\Users\puffo\.m2\repository\org\springframework\spring-webmvc\6.1.12\spring-webmvc-6.1.12.jar;C:\Users\puffo\.m2\repository\org\springframework\spring-aop\6.1.12\spring-aop-6.1.12.jar;C:\Users\puffo\.m2\repository\org\springframework\spring-context\6.1.12\spring-context-6.1.12.jar;C:\Users\puffo\.m2\repository\org\springframework\spring-expression\6.1.12\spring-expression-6.1.12.jar;C:\Users\puffo\.m2\repository\org\springframework\boot\spring-boot-devtools\3.3.3\spring-boot-devtools-3.3.3.jar;C:\Users\puffo\.m2\repository\org\springframework\boot\spring-boot\3.3.3\spring-boot-3.3.3.jar;C:\Users\puffo\.m2\repository\org\springframework\boot\spring-boot-autoconfigure\3.3.3\spring-boot-autoconfigure-3.3.3.jar;C:\Users\puffo\.m2\repository\org\projectlombok\lombok\1.18.34\lombok-1.18.34.jar;C:\Users\puffo\.m2\repository\org\springframework\boot\spring-boot-starter-test\3.3.3\spring-boot-starter-test-3.3.3.jar;C:\Users\puffo\.m2\repository\org\springframework\boot\spring-boot-test\3.3.3\spring-boot-test-3.3.3.jar;C:\Users\puffo\.m2\repository\org\springframework\boot\spring-boot-test-autoconfigure\3.3.3\spring-boot-test-autoconfigure-3.3.3.jar;C:\Users\puffo\.m2\repository\com\jayway\jsonpath\json-path\2.9.0\json-path-2.9.0.jar;C:\Users\puffo\.m2\repository\org\slf4j\slf4j-api\2.0.16\slf4j-api-2.0.16.jar;C:\Users\puffo\.m2\repository\jakarta\xml\bind\jakarta.xml.bind-api\4.0.2\jakarta.xml.bind-api-4.0.2.jar;C:\Users\puffo\.m2\repository\jakarta\activation\jakarta.activation-api\2.1.3\jakarta.activation-api-2.1.3.jar;C:\Users\puffo\.m2\repository\net\minidev\json-smart\2.5.1\json-smart-2.5.1.jar;C:\Users\puffo\.m2\repository\net\minidev\accessors-smart\2.5.1\accessors-smart-2.5.1.jar;C:\Users\puffo\.m2\repository\org\ow2\asm\asm\9.6\asm-9.6.jar;C:\Users\puffo\.m2\repository\org\assertj\assertj-core\3.25.3\assertj-core-3.25.3.jar;C:\Users\puffo\.m2\repository\net\bytebuddy\byte-buddy\1.14.19\byte-buddy-1.14.19.jar;C:\Users\puffo\.m2\repository\org\awaitility\awaitility\4.2.2\awaitility-4.2.2.jar;C:\Users\puffo\.m2\repository\org\junit\jupiter\junit-jupiter\5.10.3\junit-jupiter-5.10.3.jar;C:\Users\puffo\.m2\repository\org\junit\jupiter\junit-jupiter-api\5.10.3\junit-jupiter-api-5.10.3.jar;C:\Users\puffo\.m2\repository\org\opentest4j\opentest4j\1.3.0\opentest4j-1.3.0.jar;C:\Users\puffo\.m2\repository\org\junit\platform\junit-platform-commons\1.10.3\junit-platform-commons-1.10.3.jar;C:\Users\puffo\.m2\repository\org\apiguardian\apiguardian-api\1.1.2\apiguardian-api-1.1.2.jar;C:\Users\puffo\.m2\repository\org\junit\jupiter\junit-jupiter-params\5.10.3\junit-jupiter-params-5.10.3.jar;C:\Users\puffo\.m2\repository\org\junit\jupiter\junit-jupiter-engine\5.10.3\junit-jupiter-engine-5.10.3.jar;C:\Users\puffo\.m2\repository\org\junit\platform\junit-platform-engine\1.10.3\junit-platform-engine-1.10.3.jar;C:\Users\puffo\.m2\repository\org\mockito\mockito-core\5.11.0\mockito-core-5.11.0.jar;C:\Users\puffo\.m2\rep
[...]

   NamedParameterJdbcTemplateConfiguration matched:
      - @ConditionalOnSingleCandidate (types: org.springframework.jdbc.core.JdbcTemplate; SearchStrategy: all) found a single bean 'jdbcTemplate'; @ConditionalOnMissingBean (types: org.springframework.jdbc.core.namedparam.NamedParameterJdbcOperations; SearchStrategy: all) did not find any beans (OnBeanCondition)

   NoOpCacheConfiguration matched:
      - Cache org.springframework.boot.autoconfigure.cache.NoOpCacheConfiguration NONE cache type (CacheCondition)

   SqlInitializationAutoConfiguration matched:
      - @ConditionalOnProperty (spring.sql.init.enabled) matched (OnPropertyCondition)
      - NoneNestedConditions 0 matched 1 did not; NestedCondition on SqlInitializationAutoConfiguration.SqlInitializationModeCondition.ModeIsNever @ConditionalOnProperty (spring.sql.init.mode=never) did not find property 'mode' (SqlInitializationAutoConfiguration.SqlInitializationModeCondition)

   TestEntityManagerAutoConfiguration matched:
      - @ConditionalOnClass found required class 'jakarta.persistence.EntityManagerFactory' (OnClassCondition)

   TestEntityManagerAutoConfiguration#testEntityManager matched:
      - @ConditionalOnMissingBean (types: org.springframework.boot.test.autoconfigure.orm.jpa.TestEntityManager; SearchStrategy: all) did not find any beans (OnBeanCondition)

   TransactionAutoConfiguration matched:
      - @ConditionalOnClass found required class 'org.springframework.transaction.PlatformTransactionManager' (OnClassCondition)

   TransactionAutoConfiguration.EnableTransactionManagementConfiguration matched:
      - @ConditionalOnBean (types: org.springframework.transaction.TransactionManager; SearchStrategy: all) found bean 'transactionManager'; @ConditionalOnMissingBean (types: org.springframework.transaction.annotation.AbstractTransactionManagementConfiguration; SearchStrategy: all) did not find any beans (OnBeanCondition)

   TransactionAutoConfiguration.EnableTransactionManagementConfiguration.CglibAutoProxyConfiguration matched:
      - @ConditionalOnProperty (spring.aop.proxy-target-class=true) matched (OnPropertyCondition)

   TransactionAutoConfiguration.TransactionTemplateConfiguration matched:
      - @ConditionalOnSingleCandidate (types: org.springframework.transaction.PlatformTransactionManager; SearchStrategy: all) found a single bean 'transactionManager' (OnBeanCondition)

   TransactionAutoConfiguration.TransactionTemplateConfiguration#transactionTemplate matched:
      - @ConditionalOnMissingBean (types: org.springframework.transaction.support.TransactionOperations; SearchStrategy: all) did not find any beans (OnBeanCondition)


Negative matches:
-----------------

   Cache2kCacheConfiguration:
      Did not match:
         - @ConditionalOnClass did not find required class 'org.cache2k.Cache2kBuilder' (OnClassCondition)

   CacheAutoConfiguration:
      Did not match:
         - @ConditionalOnBean (types: org.springframework.cache.interceptor.CacheAspectSupport; SearchStrategy: all) did not find any beans of type org.springframework.cache.interceptor.CacheAspectSupport (OnBeanCondition)
      Matched:
         - @ConditionalOnClass found required class 'org.springframework.cache.CacheManager' (OnClassCondition)

   CacheAutoConfiguration.CacheManagerEntityManagerFactoryDependsOnPostProcessor:
      Did not match:
         - Ancestor org.springframework.boot.autoconfigure.cache.CacheAutoConfiguration did not match (ConditionEvaluationReport.AncestorsMatchedCondition)
      Matched:
         - @ConditionalOnClass found required class 'org.springframework.orm.jpa.LocalContainerEntityManagerFactoryBean' (OnClassCondition)

   CaffeineCacheConfiguration:
      Did not match:
         - @ConditionalOnClass did not find required class 'com.github.benmanes.caffeine.cache.Caffeine' (OnClassCondition)

   CouchbaseCacheConfiguration:
      Did not match:
         - @ConditionalOnClass did not find required class 'com.couchbase.client.java.Cluster' (OnClassCondition)

   DataSourceAutoConfiguration.EmbeddedDatabaseConfiguration:
      Did not match:
         - EmbeddedDataSource spring.datasource.url is set (DataSourceAutoConfiguration.EmbeddedDatabaseCondition)

   DataSourceCheckpointRestoreConfiguration:
      Did not match:
         - @ConditionalOnClass did not find required class 'org.crac.Resource' (OnClassCondition)

   DataSourceConfiguration.Dbcp2:
      Did not match:
         - @ConditionalOnClass did not find required class 'org.apache.commons.dbcp2.BasicDataSource' (OnClassCondition)

   DataSourceConfiguration.Generic:
      Did not match:
         - @ConditionalOnProperty (spring.datasource.type) did not find property 'spring.datasource.type' (OnPropertyCondition)

   DataSourceConfiguration.OracleUcp:
      Did not match:
         - @ConditionalOnMissingBean (types: javax.sql.DataSource; SearchStrategy: all) found beans of type 'javax.sql.DataSource' dataSource (OnBeanCondition)
      Matched:
         - @ConditionalOnClass found required classes 'oracle.ucp.jdbc.PoolDataSourceImpl', 'oracle.jdbc.OracleConnection' (OnClassCondition)
         - @ConditionalOnProperty (spring.datasource.type=oracle.ucp.jdbc.PoolDataSource) matched (OnPropertyCondition)

   DataSourceConfiguration.Tomcat:
      Did not match:
         - @ConditionalOnClass did not find required class 'org.apache.tomcat.jdbc.pool.DataSource' (OnClassCondition)

   DataSourceJmxConfiguration:
      Did not match:
         - @ConditionalOnProperty (spring.jmx.enabled=true) found different value in property 'enabled' (OnPropertyCondition)

   DataSourcePoolMetadataProvidersConfiguration.CommonsDbcp2PoolDataSourceMetadataProviderConfiguration:
      Did not match:
         - @ConditionalOnClass did not find required class 'org.apache.commons.dbcp2.BasicDataSource' (OnClassCondition)

   DataSourcePoolMetadataProvidersConfiguration.TomcatDataSourcePoolMetadataProviderConfiguration:
      Did not match:
         - @ConditionalOnClass did not find required class 'org.apache.tomcat.jdbc.pool.DataSource' (OnClassCondition)

   DataSourceTransactionManagerAutoConfiguration.JdbcTransactionManagerConfiguration#transactionManager:
      Did not match:
         - @ConditionalOnMissingBean (types: org.springframework.transaction.TransactionManager; SearchStrategy: all) found beans of type 'org.springframework.transaction.TransactionManager' transactionManager (OnBeanCondition)

   FlywayAutoConfiguration:
      Did not match:
         - @ConditionalOnClass did not find required class 'org.flywaydb.core.Flyway' (OnClassCondition)

   GenericCacheConfiguration:
      Did not match:
         - Cache org.springframework.boot.autoconfigure.cache.GenericCacheConfiguration unknown cache type (CacheCondition)

   HazelcastCacheConfiguration:
      Did not match:
         - @ConditionalOnClass did not find required class 'com.hazelcast.core.HazelcastInstance' (OnClassCondition)

   InfinispanCacheConfiguration:
      Did not match:
         - @ConditionalOnClass did not find required class 'org.infinispan.spring.embedded.provider.SpringEmbeddedCacheManager' (OnClassCondition)

   JCacheCacheConfiguration:
      Did not match:
         - @ConditionalOnClass did not find required class 'javax.cache.Caching' (OnClassCondition)

   JpaBaseConfiguration.JpaWebConfiguration:
      Did not match:
         - not a servlet web application (OnWebApplicationCondition)
      Matched:
         - @ConditionalOnClass found required class 'org.springframework.web.servlet.config.annotation.WebMvcConfigurer' (OnClassCondition)

   JpaRepositoriesAutoConfiguration#entityManagerFactoryBootstrapExecutorCustomizer:
      Did not match:
         - AnyNestedCondition 0 matched 2 did not; NestedCondition on JpaRepositoriesAutoConfiguration.BootstrapExecutorCondition.LazyBootstrapMode @ConditionalOnProperty (spring.data.jpa.repositories.bootstrap-mode=lazy) found different value in property 'bootstrap-mode'; NestedCondition on JpaRepositoriesAutoConfiguration.BootstrapExecutorCondition.DeferredBootstrapMode @ConditionalOnProperty (spring.data.jpa.repositories.bootstrap-mode=deferred) found different value in property 'bootstrap-mode' (JpaRepositoriesAutoConfiguration.BootstrapExecutorCondition)

   LiquibaseAutoConfiguration:
      Did not match:
         - @ConditionalOnClass did not find required class 'liquibase.change.DatabaseChange' (OnClassCondition)

   R2dbcInitializationConfiguration:
      Did not match:
         - @ConditionalOnClass did not find required classes 'io.r2dbc.spi.ConnectionFactory', 'org.springframework.r2dbc.connection.init.DatabasePopulator' (OnClassCondition)

   RedisCacheConfiguration:
      Did not match:
         - @ConditionalOnClass did not find required class 'org.springframework.data.redis.connection.RedisConnectionFactory' (OnClassCondition)

   SimpleCacheConfiguration:
      Did not match:
         - Cache org.springframework.boot.autoconfigure.cache.SimpleCacheConfiguration unknown cache type (CacheCondition)

   TestDatabaseAutoConfiguration#dataSource:
      Did not match:
         - @ConditionalOnProperty (spring.test.database.replace=AUTO_CONFIGURED) found different value in property 'replace' (OnPropertyCondition)

   TestDatabaseAutoConfiguration#embeddedDataSourceBeanFactoryPostProcessor:
      Did not match:
         - @ConditionalOnProperty (spring.test.database.replace=ANY) found different value in property 'replace' (OnPropertyCondition)

   TransactionAutoConfiguration#transactionalOperator:
      Did not match:
         - @ConditionalOnSingleCandidate (types: org.springframework.transaction.ReactiveTransactionManager; SearchStrategy: all) did not find any beans (OnBeanCondition)

   TransactionAutoConfiguration.AspectJTransactionManagementConfiguration:
      Did not match:
         - @ConditionalOnBean (types: org.springframework.transaction.aspectj.AbstractTransactionAspect; SearchStrategy: all) did not find any beans of type org.springframework.transaction.aspectj.AbstractTransactionAspect (OnBeanCondition)

   TransactionAutoConfiguration.EnableTransactionManagementConfiguration.JdkDynamicAutoProxyConfiguration:
      Did not match:
         - @ConditionalOnProperty (spring.aop.proxy-target-class=false) did not find property 'proxy-target-class' (OnPropertyCondition)


Exclusions:
-----------

    None


Unconditional classes:
----------------------

    org.springframework.boot.test.autoconfigure.jdbc.TestDatabaseAutoConfiguration



2024-10-06T23:06:58.860-03:00  INFO 7840 --- [ms-dfs-productos] [           main] d.s.m.repository.EnvioRepositoryTest     : Started EnvioRepositoryTest in 0.396 seconds (process running for 7.517)
2024-10-06T23:06:58.860-03:00 DEBUG 7840 --- [ms-dfs-productos] [           main] org.springframework.test.context.cache   : Spring test ApplicationContext cache statistics: [DefaultContextCache@349312d5 size = 3, maxSize = 32, parentContextCount = 0, hitCount = 36, missCount = 3, failureCount = 0]
2024-10-06T23:06:58.861-03:00 DEBUG 7840 --- [ms-dfs-productos] [           main] org.springframework.test.context.cache   : Spring test ApplicationContext cache statistics: [DefaultContextCache@349312d5 size = 3, maxSize = 32, parentContextCount = 0, hitCount = 37, missCount = 3, failureCount = 0]
2024-10-06T23:06:58.862-03:00 DEBUG 7840 --- [ms-dfs-productos] [           main] sContextBeforeModesTestExecutionListener : Before test method: class [EnvioRepositoryTest], method [testSaveEnvio], class annotated with @DirtiesContext [false] with mode [null], method annotated with @DirtiesContext [false] with mode [null]
2024-10-06T23:06:58.866-03:00 DEBUG 7840 --- [ms-dfs-productos] [           main] t.c.t.TransactionalTestExecutionListener : Explicit transaction definition [PROPAGATION_REQUIRED,ISOLATION_DEFAULT] found for test class [dfs.s3.ms_dfs_productos.repository.EnvioRepositoryTest] and test method [testSaveEnvio]
2024-10-06T23:06:58.866-03:00 DEBUG 7840 --- [ms-dfs-productos] [           main] org.springframework.test.context.cache   : Spring test ApplicationContext cache statistics: [DefaultContextCache@349312d5 size = 3, maxSize = 32, parentContextCount = 0, hitCount = 38, missCount = 3, failureCount = 0]
2024-10-06T23:06:58.868-03:00 DEBUG 7840 --- [ms-dfs-productos] [           main] t.c.t.TransactionalTestExecutionListener : No method-level @Rollback override: using default rollback [true] for test method [public void dfs.s3.ms_dfs_productos.repository.EnvioRepositoryTest.testSaveEnvio()]
2024-10-06T23:06:58.869-03:00 DEBUG 7840 --- [ms-dfs-productos] [           main] o.s.orm.jpa.JpaTransactionManager        : Creating new transaction with name [dfs.s3.ms_dfs_productos.repository.EnvioRepositoryTest.testSaveEnvio]: PROPAGATION_REQUIRED,ISOLATION_DEFAULT
2024-10-06T23:06:58.870-03:00 DEBUG 7840 --- [ms-dfs-productos] [           main] o.s.orm.jpa.JpaTransactionManager        : Opened new EntityManager [SessionImpl(790511132<open>)] for JPA transaction
2024-10-06T23:06:58.872-03:00 DEBUG 7840 --- [ms-dfs-productos] [           main] o.h.e.t.internal.TransactionImpl         : On TransactionImpl creation, JpaCompliance#isJpaTransactionComplianceEnabled == false
2024-10-06T23:06:58.872-03:00 DEBUG 7840 --- [ms-dfs-productos] [           main] o.h.e.t.internal.TransactionImpl         : begin
2024-10-06T23:06:58.873-03:00 DEBUG 7840 --- [ms-dfs-productos] [           main] o.s.orm.jpa.JpaTransactionManager        : Exposing JPA transaction as JDBC [org.springframework.orm.jpa.vendor.HibernateJpaDialect$HibernateConnectionHandle@6df37cc4]
2024-10-06T23:06:58.874-03:00 DEBUG 7840 --- [ms-dfs-productos] [           main] o.s.t.c.transaction.TransactionContext   : Began transaction (1) for test class [dfs.s3.ms_dfs_productos.repository.EnvioRepositoryTest]; test method [testSaveEnvio]; transaction manager [org.springframework.orm.jpa.JpaTransactionManager@7c4b5d13]; rollback [true]
2024-10-06T23:06:58.874-03:00 DEBUG 7840 --- [ms-dfs-productos] [           main] org.springframework.test.context.cache   : Spring test ApplicationContext cache statistics: [DefaultContextCache@349312d5 size = 3, maxSize = 32, parentContextCount = 0, hitCount = 39, missCount = 3, failureCount = 0]
2024-10-06T23:06:58.874-03:00 DEBUG 7840 --- [ms-dfs-productos] [           main] org.springframework.test.context.cache   : Spring test ApplicationContext cache statistics: [DefaultContextCache@349312d5 size = 3, maxSize = 32, parentContextCount = 0, hitCount = 40, missCount = 3, failureCount = 0]
2024-10-06T23:06:58.874-03:00 DEBUG 7840 --- [ms-dfs-productos] [           main] org.springframework.test.context.cache   : Spring test ApplicationContext cache statistics: [DefaultContextCache@349312d5 size = 3, maxSize = 32, parentContextCount = 0, hitCount = 41, missCount = 3, failureCount = 0]
2024-10-06T23:06:58.879-03:00 DEBUG 7840 --- [ms-dfs-productos] [           main] o.s.orm.jpa.JpaTransactionManager        : Found thread-bound EntityManager [SessionImpl(790511132<open>)] for JPA transaction
2024-10-06T23:06:58.879-03:00 DEBUG 7840 --- [ms-dfs-productos] [           main] o.s.orm.jpa.JpaTransactionManager        : Participating in existing transaction
2024-10-06T23:06:58.883-03:00 DEBUG 7840 --- [ms-dfs-productos] [           main] o.h.j.internal.PersistenceUnitUtilImpl   : jakarta.persistence.PersistenceUnitUtil.getIdentifier is only intended to work with enhanced entities (although Hibernate also adapts this support to its proxies); however the passed entity was not enhanced (nor a proxy).. may not be able to read identifier
2024-10-06T23:06:58.895-03:00 DEBUG 7840 --- [ms-dfs-productos] [           main] org.hibernate.engine.spi.ActionQueue     : Executing identity-insert immediately
2024-10-06T23:06:58.918-03:00 DEBUG 7840 --- [ms-dfs-productos] [           main] org.hibernate.SQL                        : insert into envio (cod_seguimiento,distribuidor,estado,producto_nombre,ubicacion,id) values (?,?,?,?,?,default)
Hibernate: insert into envio (cod_seguimiento,distribuidor,estado,producto_nombre,ubicacion,id) values (?,?,?,?,?,default)
2024-10-06T23:06:58.963-03:00 DEBUG 7840 --- [ms-dfs-productos] [           main] org.hibernate.orm.results                : Initializer list is empty
2024-10-06T23:06:58.967-03:00 DEBUG 7840 --- [ms-dfs-productos] [           main] org.hibernate.orm.results.loading        : Calling top-level assembler (0 / 1) : org.hibernate.sql.results.graph.basic.BasicResultAssembler@87dc829
2024-10-06T23:06:58.968-03:00 DEBUG 7840 --- [ms-dfs-productos] [           main] org.hibernate.orm.results                : Extracted JDBC value [0] - [87]
2024-10-06T23:06:58.969-03:00 DEBUG 7840 --- [ms-dfs-productos] [           main] o.h.id.IdentifierGeneratorHelper         : Extracted generated values [dfs.s3.ms_dfs_productos.model.Envio]: [Ljava.lang.Object;@15402cf4
2024-10-06T23:06:58.974-03:00 DEBUG 7840 --- [ms-dfs-productos] [           main] org.springframework.test.context.cache   : Spring test ApplicationContext cache statistics: [DefaultContextCache@349312d5 size = 3, maxSize = 32, parentContextCount = 0, hitCount = 42, missCount = 3, failureCount = 0]
2024-10-06T23:06:58.974-03:00 DEBUG 7840 --- [ms-dfs-productos] [           main] org.springframework.test.context.cache   : Spring test ApplicationContext cache statistics: [DefaultContextCache@349312d5 size = 3, maxSize = 32, parentContextCount = 0, hitCount = 43, missCount = 3, failureCount = 0]
2024-10-06T23:06:58.974-03:00 DEBUG 7840 --- [ms-dfs-productos] [           main] org.springframework.test.context.cache   : Spring test ApplicationContext cache statistics: [DefaultContextCache@349312d5 size = 3, maxSize = 32, parentContextCount = 0, hitCount = 44, missCount = 3, failureCount = 0]
2024-10-06T23:06:58.974-03:00 DEBUG 7840 --- [ms-dfs-productos] [           main] org.springframework.test.context.cache   : Spring test ApplicationContext cache statistics: [DefaultContextCache@349312d5 size = 3, maxSize = 32, parentContextCount = 0, hitCount = 45, missCount = 3, failureCount = 0]
2024-10-06T23:06:58.974-03:00 DEBUG 7840 --- [ms-dfs-productos] [           main] org.springframework.test.context.cache   : Spring test ApplicationContext cache statistics: [DefaultContextCache@349312d5 size = 3, maxSize = 32, parentContextCount = 0, hitCount = 46, missCount = 3, failureCount = 0]
2024-10-06T23:06:58.975-03:00 DEBUG 7840 --- [ms-dfs-productos] [           main] org.springframework.test.context.cache   : Spring test ApplicationContext cache statistics: [DefaultContextCache@349312d5 size = 3, maxSize = 32, parentContextCount = 0, hitCount = 47, missCount = 3, failureCount = 0]
2024-10-06T23:06:58.975-03:00 DEBUG 7840 --- [ms-dfs-productos] [           main] o.s.orm.jpa.JpaTransactionManager        : Initiating transaction rollback
2024-10-06T23:06:58.975-03:00 DEBUG 7840 --- [ms-dfs-productos] [           main] o.s.orm.jpa.JpaTransactionManager        : Rolling back JPA transaction on EntityManager [SessionImpl(790511132<open>)]
2024-10-06T23:06:58.975-03:00 DEBUG 7840 --- [ms-dfs-productos] [           main] o.h.e.t.internal.TransactionImpl         : rolling back
2024-10-06T23:06:58.981-03:00 DEBUG 7840 --- [ms-dfs-productos] [           main] o.s.orm.jpa.JpaTransactionManager        : Closing JPA EntityManager [SessionImpl(790511132<open>)] after transaction
2024-10-06T23:06:58.981-03:00 DEBUG 7840 --- [ms-dfs-productos] [           main] o.s.t.c.transaction.TransactionContext   : Rolled back transaction (1) for test class [dfs.s3.ms_dfs_productos.repository.EnvioRepositoryTest]; test method [testSaveEnvio]
2024-10-06T23:06:58.981-03:00 DEBUG 7840 --- [ms-dfs-productos] [           main] .c.s.DirtiesContextTestExecutionListener : After test method: class [EnvioRepositoryTest], method [testSaveEnvio], class annotated with @DirtiesContext [false] with mode [null], method annotated with @DirtiesContext [false] with mode [null]
]]></system-out>
  </testcase>
</testsuite>